2026-06-03T03:03:03Z INF Thank you for trying Cloudflare Tunnel. Doing so, without a Cloudflare account, is a quick way to experiment and try it out. However, be aware that these account-less Tunnels have no uptime guarantee, are subject to the Cloudflare Online Services Terms of Use (https://www.cloudflare.com/website-terms/), and Cloudflare reserves the right to investigate your use of Tunnels for violations of such terms. If you intend to use Tunnels in production you should use a pre-created named tunnel by following: https://developers.cloudflare.com/cloudflare-one/connections/connect-apps
2026-06-03T03:03:03Z INF Requesting new quick Tunnel on trycloudflare.com...
2026-06-03T03:03:07Z INF +--------------------------------------------------------------------------------------------+
2026-06-03T03:03:07Z INF |  Your quick Tunnel has been created! Visit it at (it may take some time to be reachable):  |
2026-06-03T03:03:07Z INF |  https://authentication-examination-conducted-tend.trycloudflare.com                       |
2026-06-03T03:03:07Z INF +--------------------------------------------------------------------------------------------+
2026-06-03T03:03:07Z INF Cannot determine default configuration path. No file [config.yml config.yaml] in [~/.cloudflared ~/.cloudflare-warp ~/cloudflare-warp]
2026-06-03T03:03:07Z INF Version 2026.5.0 (Checksum f141cded099c239171ad2cea6fb5da0fdaa2bd36104c3074d883f9546519eba7)
2026-06-03T03:03:07Z INF GOOS: windows, GOVersion: go1.26.2, GoArch: amd64
2026-06-03T03:03:07Z INF Settings: map[ha-connections:1 protocol:quic url:http://127.0.0.1:5000]
2026-06-03T03:03:07Z INF cloudflared will not automatically update on Windows systems.
2026-06-03T03:03:08Z INF Generated Connector ID: 9fa3a7ff-a184-4c04-a634-5cf4282ebd11
2026-06-03T03:03:08Z INF Initial protocol quic
2026-06-03T03:03:08Z INF ICMP proxy will use 10.101.163.208 as source for IPv4
2026-06-03T03:03:08Z INF ICMP proxy will use 240e:46e:9200:68b1:817:87ce:3bf4:321e in zone WLAN as source for IPv6
2026-06-03T03:03:08Z INF cloudflared does not support loading the system root certificate pool on Windows. Please use --origin-ca-pool <PATH> to specify the path to the certificate pool
2026-06-03T03:03:08Z INF ICMP proxy will use 10.101.163.208 as source for IPv4
2026-06-03T03:03:08Z INF Tunnel connection curve preferences: [X25519MLKEM768 CurveID(65074) CurveP256] connIndex=0 event=0 ip=2606:4700:a0::1
2026-06-03T03:03:08Z INF ICMP proxy will use 240e:46e:9200:68b1:817:87ce:3bf4:321e in zone WLAN as source for IPv6
2026-06-03T03:03:08Z INF Starting metrics server on 127.0.0.1:20241/metrics
2026-06-03T03:03:08Z INF Registered tunnel connection connIndex=0 connection=f3eff5a7-40b1-47ca-970a-a5df21cca683 event=0 ip=2606:4700:a0::1 location=lax07 protocol=quic
