[18:40:31] ================================================== DAEMON START ==================================================
[18:46:37] === 5min REPORT: 51->51 (+0) | 17.0% | Flask=OK ===
[18:51:31] ================================================== DAEMON START ==================================================
[19:00:09] ================================================== DAEMON START ==================================================
[19:00:44]   + IC=-0.0119 S=-8.11 | MxD:lower_sh*bollinge
[19:01:05]   + IC=-0.0123 S=-6.70 | MxD:vwap_gap*sharpe_6
[19:01:11]   + IC=+0.0131 S=2.70 | MxD:intraday*rev_5d
[19:01:15]   + IC=-0.0114 S=-6.23 | MxD:close_lo*ret_60d
[19:01:20]   + IC=-0.0181 S=-8.05 | MxD:body_ret*turnover
[19:07:05] ================================================== DAEMON START ==================================================
[19:09:33] === 5min REPORT: 49->50 (+1) | 16.7% | Flask=OK ===
[19:13:16] === 5min REPORT: 50->50 (+0) | 16.7% | Flask=OK ===
[19:15:49] === 5min REPORT: 50->50 (+0) | 16.7% | Flask=OK ===
[19:19:36] === 5min REPORT: 50->50 (+0) | 16.7% | Flask=OK ===
[19:22:10] === 5min REPORT: 50->50 (+0) | 16.7% | Flask=OK ===
[19:24:41] ================================================== DAEMON START ==================================================
[19:26:00] === 5min REPORT: 50->50 (+0) | 16.7% | Flask=OK ===
[19:26:44] ================================================== DAEMON START ==================================================
[19:28:04] ================================================== DAEMON START ==================================================
[19:29:39] ================================================== DAEMON START ==================================================
[19:29:39] Pre-warming Flask minute cache (6 min wait)...
[19:39:41] Warm attempt 1 failed: timed out
[19:49:47] Warm attempt 2 failed: timed out
[19:59:53] Warm attempt 3 failed: timed out
[19:59:58] WARNING: Minute cache warm failed! Will retry in main loop.
[20:04:38] ================================================== DAEMON START ==================================================
[20:04:38] Pre-warming Flask minute cache (6 min wait)...
[20:04:52] ================================================== DAEMON START ==================================================
[20:04:52] Pre-warming Flask minute cache (6 min wait)...
