[Init] Loading engine...
[Init] DataPipeline + BacktestEngine + FactorComputer ready.
[Init] Preloading minute cache (one-time, ~5-8 min)...
[Init] Minute cache preloaded successfully.
[Init] Starting server...
 * Serving Flask app 'app'
 * Debug mode: off
[Init] Skipping engine/minute preload; server starts immediately.
[Init] Starting server...
 * Serving Flask app 'app'
 * Debug mode: off
[Init] Skipping engine/minute preload; server starts immediately.
[Init] Starting server...
 * Serving Flask app 'app'
 * Debug mode: off
[Init] Skipping engine/minute preload; server starts immediately.
[Init] Starting server...
 * Serving Flask app 'app'
 * Debug mode: off
[Init] Loading engine...
[Init] DataPipeline + BacktestEngine + FactorComputer ready.
[Init] Preloading minute cache (one-time, ~5-8 min)...
[Init] Minute cache preloaded successfully.
[Init] Starting server...
 * Serving Flask app 'app'
 * Debug mode: off
[Init] Loading engine...
[Init] DataPipeline + BacktestEngine + FactorComputer ready.
[Init] Preloading minute cache (one-time, ~5-8 min)...
[Init] Minute cache preloaded successfully.
[Init] Starting server...
 * Serving Flask app 'app'
 * Debug mode: off
[Init] Loading engine...
[Init] DataPipeline + BacktestEngine + FactorComputer ready.
[Init] Engine ready. Starting server...
 * Serving Flask app 'app'
 * Debug mode: off
[Init] Loading engine...
[Init] DataPipeline + BacktestEngine + FactorComputer ready.
[Init] Engine ready. Starting server...
 * Serving Flask app 'app'
 * Debug mode: off
[Init] Stale workers and temp files cleaned.
[Init] Loading engine...
[Init] DataPipeline + BacktestEngine + FactorComputer ready.
[Init] Engine ready. Starting server...
 * Serving Flask app 'app'
 * Debug mode: off
[Init] Stale workers and temp files cleaned.
[Init] Loading engine...
[Init] DataPipeline + BacktestEngine + FactorComputer ready.
[Init] Engine ready. Starting server...
 * Serving Flask app 'app'
 * Debug mode: off
[Init] Stale workers and temp files cleaned.
[Init] Loading engine...
[Init] DataPipeline + BacktestEngine + FactorComputer ready.
[Init] Engine ready. Starting server...
 * Serving Flask app 'app'
 * Debug mode: off
[Init] Stale workers and temp files cleaned.
[Init] Loading engine...
[Init] DataPipeline + BacktestEngine + FactorComputer ready.
[Init] Engine ready. Starting server...
 * Serving Flask app 'app'
 * Debug mode: off
