[15:05:14] Mining start. Engine should be hot now.
[15:05:14] Start: 48 factors
[15:05:17]   +0 | 48
[15:05:21]   +0 | 48
[15:05:25]   +0 | 48
[15:05:29]   +0 | 48
[15:05:34]   +0 | 48
[15:05:38]   +0 | 48
[15:05:42]   +0 | 48
[15:05:46]   +0 | 48
[15:05:50]   +0 | 48
[15:05:54]   +0 | 48
[15:05:58]   +0 | 48
[15:06:02]   +0 | 48
[15:06:06]   +0 | 48
[15:06:11]   +0 | 48
[15:06:15]   +0 | 48
[15:06:19]   +0 | 48
[15:06:23]   +0 | 48
[15:06:28]   +0 | 48
[15:06:32]   +0 | 48
[15:06:36]   +0 | 48
[15:06:40]   +0 | 48
[15:06:44]   +0 | 48
[15:06:48]   +0 | 48
[15:06:53]   +0 | 48
[15:06:57]   +0 | 48
[15:07:01]   +0 | 48
[15:07:05]   +0 | 48
[15:07:09]   +0 | 48
[15:07:13]   +0 | 48
[15:07:18]   +0 | 48
[15:07:22]   +0 | 48
[15:07:26]   +0 | 48
[15:07:31]   +0 | 48
[15:07:35]   +0 | 48
[15:07:39]   +0 | 48
[15:07:43]   +0 | 48
[15:07:48]   +0 | 48
[15:07:52]   +0 | 48
[15:07:56]   +0 | 48
[15:08:00]   +0 | 48
[15:08:04]   +0 | 48
[15:08:09]   +0 | 48
[15:08:13]   +0 | 48
[15:08:17]   +0 | 48
[15:08:21]   +0 | 48
[15:08:25]   +0 | 48
[15:08:30]   +0 | 48
[15:08:34]   +0 | 48
[15:08:38]   +0 | 48
[15:08:42]   +0 | 48
[15:08:47]   +0 | 48
[15:08:51]   +0 | 48
[15:08:55]   +0 | 48
[15:08:59]   +0 | 48
[15:09:03]   +0 | 48
[15:09:08]   +0 | 48
[15:09:12]   +0 | 48
[15:09:16]   +0 | 48
[15:09:20]   +0 | 48
[15:09:25]   +0 | 48
[15:09:29]   +0 | 48
[15:09:33]   +0 | 48
[15:09:37]   +0 | 48
[15:09:42]   +0 | 48
[15:09:46]   +0 | 48
[15:09:50]   +0 | 48
[15:09:54]   +0 | 48
[15:09:58]   +0 | 48
[15:10:03]   +0 | 48
[15:10:07]   +0 | 48
[15:10:11]   +0 | 48
[15:10:15]   +0 | 48
[15:10:20]   +0 | 48
[15:10:24]   +0 | 48
[15:10:28]   +0 | 48
[15:10:32]   +0 | 48
[15:10:37]   +0 | 48
[15:10:41]   +0 | 48
[15:10:45]   +0 | 48
[15:10:49]   +0 | 48
[15:10:54]   +0 | 48
[15:10:58]   +0 | 48
[15:11:02]   +0 | 48
[15:11:07]   +0 | 48
[15:11:11]   +0 | 48
[15:11:15]   +0 | 48
[15:11:20]   +0 | 48
[15:11:24]   +0 | 48
[15:11:28]   +0 | 48
[15:11:32]   +0 | 48
[15:11:37]   +0 | 48
[15:11:41]   +0 | 48
[15:11:45]   +0 | 48
[15:11:50]   +0 | 48
[15:11:54]   +0 | 48
[15:11:58]   +0 | 48
[15:12:02]   +0 | 48
[15:12:07]   +0 | 48
[15:12:11]   +0 | 48
[15:12:15]   +0 | 48
[15:12:19]   +0 | 48
[15:12:23]   +0 | 48
[15:12:28]   +0 | 48
[15:12:32]   +0 | 48
[15:12:36]   +0 | 48
[15:12:40]   +0 | 48
[15:12:45]   +0 | 48
[15:12:49]   +0 | 48
[15:12:53]   +0 | 48
[15:12:57]   +0 | 48
[15:13:02]   +0 | 48
[15:13:06]   +0 | 48
[15:13:10]   +0 | 48
[15:13:14]   +0 | 48
[15:13:18]   +0 | 48
[15:13:23]   +0 | 48
[15:13:27]   +0 | 48
[15:13:31]   +0 | 48
[15:13:36]   +0 | 48
[15:13:40]   +0 | 48
[15:13:44]   +0 | 48
[15:13:49]   +0 | 48
[15:13:54]   +0 | 48
[15:13:59]   +0 | 48
[15:14:03]   +0 | 48
[15:14:07]   +0 | 48
[15:14:11]   +0 | 48
[15:14:16]   +0 | 48
[15:14:20]   +0 | 48
[15:14:24]   +0 | 48
[15:14:28]   +0 | 48
[15:14:32]   +0 | 48
[15:14:37]   +0 | 48
[15:14:41]   +0 | 48
[15:14:45]   +0 | 48
[15:14:50]   +0 | 48
[15:14:55]   +0 | 48
[15:14:59]   +0 | 48
[15:15:04]   +0 | 48
[15:15:08]   +0 | 48
[15:15:12]   +0 | 48
[15:15:16]   +0 | 48
[15:15:20]   +0 | 48
[15:15:25]   +0 | 48
[15:15:29]   +0 | 48
[15:15:33]   +0 | 48
[15:15:37]   +0 | 48
[15:15:42]   +0 | 48
[15:15:46]   +0 | 48
[15:15:50]   +0 | 48
[15:15:54]   +0 | 48
[15:15:59]   +0 | 48
[15:16:03]   +0 | 48
[15:16:07]   +0 | 48
[15:16:11]   +0 | 48
[15:16:16]   +0 | 48
[15:16:20]   +0 | 48
[15:16:24]   +0 | 48
[15:16:28]   +0 | 48
[15:16:32]   +0 | 48
[15:16:37]   +0 | 48
[15:16:41]   +0 | 48
[15:16:45]   +0 | 48
[15:16:49]   +0 | 48
[15:16:54]   +0 | 48
[15:16:58]   +0 | 48
[15:17:02]   +0 | 48
[15:17:06]   +0 | 48
[15:17:10]   +0 | 48
[15:17:15]   +0 | 48
[15:17:19]   +0 | 48
[15:17:23]   +0 | 48
[15:17:27]   +0 | 48
[15:17:32]   +0 | 48
[15:17:36]   +0 | 48
[15:17:40]   +0 | 48
[15:17:44]   +0 | 48
[15:17:49]   +0 | 48
[15:17:53]   +0 | 48
[15:17:57]   +0 | 48
[15:18:01]   +0 | 48
[15:18:06]   +0 | 48
[15:18:10]   +0 | 48
[15:18:14]   +0 | 48
[15:18:18]   +0 | 48
[15:18:22]   +0 | 48
[15:18:27]   +0 | 48
[15:18:31]   +0 | 48
[15:18:35]   +0 | 48
[15:18:39]   +0 | 48
[15:18:43]   +0 | 48
[15:18:48]   +0 | 48
[15:18:52]   +0 | 48
[15:18:56]   +0 | 48
[15:19:01]   +0 | 48
[15:19:05]   +0 | 48
[15:19:09]   +0 | 48
[15:19:14]   +0 | 48
[15:19:18]   +0 | 48
[15:19:22]   +0 | 48
[15:19:27]   +0 | 48
[15:19:31]   +0 | 48
[15:19:35]   +0 | 48
[15:19:40]   +0 | 48
[15:19:44]   +0 | 48
[15:19:48]   +0 | 48
[15:19:52]   +0 | 48
[15:19:56]   +0 | 48
[15:20:01]   +0 | 48
[15:20:05]   +0 | 48
[15:20:09]   +0 | 48
[15:20:14]   +0 | 48
[15:20:18]   +0 | 48
[15:20:22]   +0 | 48
[15:20:27]   +0 | 48
[15:20:31]   +0 | 48
[15:20:35]   +0 | 48
[15:20:40]   +0 | 48
[15:20:44]   +0 | 48
[15:20:48]   +0 | 48
[15:20:53]   +0 | 48
[15:20:57]   +0 | 48
[15:21:01]   +0 | 48
[15:21:06]   +0 | 48
[15:21:10]   +0 | 48
[15:21:14]   +0 | 48
[15:21:18]   +0 | 48
[15:21:23]   +0 | 48
[15:21:27]   +0 | 48
[15:21:31]   +0 | 48
[15:21:35]   +0 | 48
[15:21:39]   +0 | 48
[15:21:44]   +0 | 48
[15:21:48]   +0 | 48
[15:21:52]   +0 | 48
[15:21:56]   +0 | 48
[15:22:01]   +0 | 48
[15:22:05]   +0 | 48
[15:22:09]   +0 | 48
[15:22:13]   +0 | 48
[15:22:18]   +0 | 48
[15:22:22]   +0 | 48
[15:22:26]   +0 | 48
[15:22:30]   +0 | 48
[15:22:34]   +0 | 48
[15:22:38]   +0 | 48
[15:22:43]   +0 | 48
[15:22:47]   +0 | 48
[15:22:51]   +0 | 48
[15:22:56]   +0 | 48
[15:23:00]   +0 | 48
[15:23:04]   +0 | 48
[15:23:09]   +0 | 48
[15:23:13]   +0 | 48
[15:23:17]   +0 | 48
[15:23:22]   +0 | 48
[15:23:26]   +0 | 48
[15:23:30]   +0 | 48
[15:23:34]   +0 | 48
[15:23:38]   +0 | 48
[15:23:43]   +0 | 48
[15:23:47]   +0 | 48
[15:23:52]   +0 | 48
[15:23:57]   +0 | 48
[15:24:02]   +0 | 48
[15:24:06]   +0 | 48
[15:24:10]   +0 | 48
[15:24:14]   +0 | 48
[15:24:19]   +0 | 48
[15:24:23]   +0 | 48
[15:24:27]   +0 | 48
[15:24:31]   +0 | 48
[15:24:35]   +0 | 48
[15:24:40]   +0 | 48
[15:24:44]   +0 | 48
[15:24:48]   +0 | 48
[15:24:54]   +0 | 48
[15:24:59]   +0 | 48
[15:25:03]   +0 | 48
[15:25:08]   +0 | 48
[15:25:12]   +0 | 48
[15:25:16]   +0 | 48
[15:25:20]   +0 | 48
[15:25:24]   +0 | 48
[15:25:29]   +0 | 48
[15:25:33]   +0 | 48
[15:25:37]   +0 | 48
[15:25:41]   +0 | 48
[15:25:45]   +0 | 48
[15:25:50]   +0 | 48
[15:25:54]   +0 | 48
[15:25:59]   +0 | 48
[15:26:03]   +0 | 48
[15:26:07]   +0 | 48
[15:26:11]   +0 | 48
[15:26:16]   +0 | 48
[15:26:20]   +0 | 48
[15:26:24]   +0 | 48
[15:26:28]   +0 | 48
[15:26:32]   +0 | 48
[15:26:37]   +0 | 48
[15:26:41]   +0 | 48
[15:26:45]   +0 | 48
[15:26:49]   +0 | 48
[15:26:54]   +0 | 48
[15:26:58]   +0 | 48
[15:27:02]   +0 | 48
[15:27:06]   +0 | 48
[15:27:10]   +0 | 48
[15:27:14]   +0 | 48
[15:27:19]   +0 | 48
[15:27:23]   +0 | 48
[15:27:27]   +0 | 48
[15:27:31]   +0 | 48
[15:27:35]   +0 | 48
[15:27:40]   +0 | 48
[15:27:44]   +0 | 48
[15:27:48]   +0 | 48
[15:27:52]   +0 | 48
[15:27:56]   +0 | 48
[15:28:01]   +0 | 48
[15:28:05]   +0 | 48
[15:28:09]   +0 | 48
[15:28:13]   +0 | 48
[15:28:18]   +0 | 48
[15:28:22]   +0 | 48
[15:28:26]   +0 | 48
[15:28:30]   +0 | 48
[15:28:35]   +0 | 48
[15:28:39]   +0 | 48
[15:28:43]   +0 | 48
[15:28:47]   +0 | 48
[15:28:51]   +0 | 48
[15:28:56]   +0 | 48
[15:29:00]   +0 | 48
[15:29:04]   +0 | 48
[15:29:08]   +0 | 48
[15:29:13]   +0 | 48
[15:29:17]   +0 | 48
[15:29:21]   +0 | 48
[15:29:26]   +0 | 48
[15:29:30]   +0 | 48
[15:29:34]   +0 | 48
[15:29:38]   +0 | 48
[15:29:43]   +0 | 48
[15:29:47]   +0 | 48
[15:29:51]   +0 | 48
[15:29:55]   +0 | 48
[15:29:59]   +0 | 48
[15:30:04]   +0 | 48
[15:30:08]   +0 | 48
[15:30:12]   +0 | 48
[15:30:17]   +0 | 48
[15:30:21]   +0 | 48
[15:30:25]   +0 | 48
[15:30:29]   +0 | 48
[15:30:33]   +0 | 48
[15:30:38]   +0 | 48
[15:30:42]   +0 | 48
[15:30:46]   +0 | 48
[15:30:51]   +0 | 48
[15:30:55]   +0 | 48
[15:30:59]   +0 | 48
[15:31:04]   +0 | 48
[15:31:08]   +0 | 48
[15:31:12]   +0 | 48
[15:31:17]   +0 | 48
[15:31:21]   +0 | 48
[15:31:25]   +0 | 48
[15:31:30]   +0 | 48
[15:31:34]   +0 | 48
[15:31:38]   +0 | 48
[15:31:43]   +0 | 48
[15:31:47]   +0 | 48
[15:31:51]   +0 | 48
[15:31:55]   +0 | 48
[15:32:00]   +0 | 48
[15:32:04]   +0 | 48
[15:32:08]   +0 | 48
[15:32:13]   +0 | 48
[15:32:17]   +0 | 48
[15:32:21]   +0 | 48
[15:32:26]   +0 | 48
[15:32:30]   +0 | 48
[15:32:34]   +0 | 48
[15:32:39]   +0 | 48
[15:32:43]   +0 | 48
[15:32:47]   +0 | 48
[15:32:51]   +0 | 48
[15:32:56]   +0 | 48
[15:33:00]   +0 | 48
[15:33:04]   +0 | 48
[15:33:09]   +0 | 48
[15:33:13]   +0 | 48
[15:33:17]   +0 | 48
[15:33:21]   +0 | 48
[15:33:26]   +0 | 48
[15:33:30]   +0 | 48
[15:33:34]   +0 | 48
[15:33:38]   +0 | 48
[15:33:42]   +0 | 48
[15:33:47]   +0 | 48
[15:33:52]   +0 | 48
[15:33:56]   +0 | 48
[15:34:01]   +0 | 48
[15:34:05]   +0 | 48
[15:34:09]   +0 | 48
[15:34:14]   +0 | 48
[15:34:18]   +0 | 48
[15:34:22]   +0 | 48
[15:34:27]   +0 | 48
[15:34:31]   +0 | 48
[15:34:35]   +0 | 48
[15:34:39]   +0 | 48
[15:34:43]   +0 | 48
[15:34:48]   +0 | 48
[15:34:52]   +0 | 48
[15:34:58]   +0 | 48
[15:35:02]   +0 | 48
[15:35:06]   +0 | 48
[15:35:11]   +0 | 48
[15:35:15]   +0 | 48
[15:35:19]   +0 | 48
[15:35:23]   +0 | 48
[15:35:28]   +0 | 48
[15:35:32]   +0 | 48
[15:35:36]   +0 | 48
[15:35:40]   +0 | 48
[15:35:44]   +0 | 48
[15:35:48]   +0 | 48
[15:35:53]   +0 | 48
[15:35:57]   +0 | 48
[15:36:01]   +0 | 48
[15:36:05]   +0 | 48
[15:36:09]   +0 | 48
[15:36:14]   +0 | 48
[15:36:18]   +0 | 48
[15:36:22]   +0 | 48
[15:36:26]   +0 | 48
[15:36:31]   +0 | 48
[15:36:35]   +0 | 48
[15:36:39]   +0 | 48
[15:36:43]   +0 | 48
[15:36:47]   +0 | 48
[15:36:52]   +0 | 48
[15:36:56]   +0 | 48
[15:37:00]   +0 | 48
[15:37:04]   +0 | 48
[15:37:08]   +0 | 48
[15:37:13]   +0 | 48
[15:37:17]   +0 | 48
[15:37:21]   +0 | 48
[15:37:25]   +0 | 48
[15:37:30]   +0 | 48
[15:37:34]   +0 | 48
[15:37:38]   +0 | 48
[15:37:42]   +0 | 48
[15:37:46]   +0 | 48
[15:37:50]   +0 | 48
[15:37:54]   +0 | 48
[15:37:59]   +0 | 48
[15:38:03]   +0 | 48
[15:38:07]   +0 | 48
[15:38:11]   +0 | 48
[15:38:16]   +0 | 48
[15:38:20]   +0 | 48
[15:38:24]   +0 | 48
[15:38:28]   +0 | 48
[15:38:32]   +0 | 48
[15:38:36]   +0 | 48
[15:38:41]   +0 | 48
[15:38:45]   +0 | 48
[15:38:49]   +0 | 48
[15:38:53]   +0 | 48
[15:38:57]   +0 | 48
[15:39:01]   +0 | 48
[15:39:05]   +0 | 48
[15:39:10]   +0 | 48
[15:39:14]   +0 | 48
[15:39:19]   +0 | 48
[15:39:23]   +0 | 48
[15:39:27]   +0 | 48
[15:39:32]   +0 | 48
[15:39:36]   +0 | 48
[15:39:40]   +0 | 48
[15:39:44]   +0 | 48
[15:39:48]   +0 | 48
[15:39:53]   +0 | 48
[15:39:57]   +0 | 48
[15:40:01]   +0 | 48
[15:40:05]   +0 | 48
[15:40:09]   +0 | 48
[15:40:14]   +0 | 48
[15:40:18]   +0 | 48
[15:40:22]   +0 | 48
[15:40:26]   +0 | 48
[15:40:30]   +0 | 48
[15:40:34]   +0 | 48
[15:40:39]   +0 | 48
[15:40:43]   +0 | 48
[15:40:47]   +0 | 48
[15:40:51]   +0 | 48
[15:40:55]   +0 | 48
[15:40:59]   +0 | 48
[15:41:04]   +0 | 48
[15:41:08]   +0 | 48
[15:41:12]   +0 | 48
[15:41:17]   +0 | 48
[15:41:21]   +0 | 48
[15:41:26]   +0 | 48
[15:41:30]   +0 | 48
[15:41:35]   +0 | 48
[15:41:39]   +0 | 48
[15:41:44]   +0 | 48
[15:41:48]   +0 | 48
[15:41:53]   +0 | 48
[15:41:57]   +0 | 48
[15:42:02]   +0 | 48
[15:42:06]   +0 | 48
[15:42:11]   +0 | 48
[15:42:15]   +0 | 48
[15:42:20]   +0 | 48
[15:42:24]   +0 | 48
[15:42:28]   +0 | 48
[15:42:33]   +0 | 48
[15:42:37]   +0 | 48
[15:42:42]   +0 | 48
[15:42:46]   +0 | 48
[15:42:51]   +0 | 48
[15:42:55]   +0 | 48
[15:43:00]   +0 | 48
[15:43:04]   +0 | 48
[15:43:08]   +0 | 48
[15:43:12]   +0 | 48
[15:43:16]   +0 | 48
[15:43:20]   +0 | 48
[15:43:24]   +0 | 48
[15:43:28]   +0 | 48
[15:43:33]   +0 | 48
[15:43:37]   +0 | 48
[15:43:41]   +0 | 48
[15:43:46]   +0 | 48
[15:43:53]   +0 | 48
[15:43:59]   +0 | 48
[15:44:04]   +0 | 48
[15:44:08]   +0 | 48
[15:44:12]   +0 | 48
[15:44:16]   +0 | 48
[15:44:20]   +0 | 48
[15:44:25]   +0 | 48
[15:44:29]   +0 | 48
[15:44:33]   +0 | 48
[15:44:38]   +0 | 48
[15:44:42]   +0 | 48
Traceback (most recent call last):
  File "<stdin>", line 48, in <module>
  File "<stdin>", line 9, in bt
  File "<stdin>", line 6, in op
  File "C:\Users\Đě×ÓĂú\AppData\Local\Programs\Python\Python39\lib\urllib\request.py", line 517, in open
    response = self._open(req, data)
  File "C:\Users\Đě×ÓĂú\AppData\Local\Programs\Python\Python39\lib\urllib\request.py", line 534, in _open
    result = self._call_chain(self.handle_open, protocol, protocol +
  File "C:\Users\Đě×ÓĂú\AppData\Local\Programs\Python\Python39\lib\urllib\request.py", line 494, in _call_chain
    result = func(*args)
  File "C:\Users\Đě×ÓĂú\AppData\Local\Programs\Python\Python39\lib\urllib\request.py", line 1375, in http_open
    return self.do_open(http.client.HTTPConnection, req)
  File "C:\Users\Đě×ÓĂú\AppData\Local\Programs\Python\Python39\lib\urllib\request.py", line 1350, in do_open
    r = h.getresponse()
  File "C:\Users\Đě×ÓĂú\AppData\Local\Programs\Python\Python39\lib\http\client.py", line 1377, in getresponse
    response.begin()
  File "C:\Users\Đě×ÓĂú\AppData\Local\Programs\Python\Python39\lib\http\client.py", line 320, in begin
    version, status, reason = self._read_status()
  File "C:\Users\Đě×ÓĂú\AppData\Local\Programs\Python\Python39\lib\http\client.py", line 281, in _read_status
    line = str(self.fp.readline(_MAXLINE + 1), "iso-8859-1")
  File "C:\Users\Đě×ÓĂú\AppData\Local\Programs\Python\Python39\lib\socket.py", line 704, in readinto
