[20:44:10] Watchdog started (Flask + Ngrok). Checking every 60s.
[20:52:24] Ngrok DOWN! Restarting...
[20:52:24] Starting Ngrok...
[20:52:30] Ngrok restarted OK
[20:54:33] Ngrok DOWN! Restarting...
[20:54:33] Starting Ngrok...
[20:54:40] Ngrok restarted OK
[21:17:19] Ngrok DOWN! Restarting...
[21:17:19] Starting Ngrok...
[21:17:30] Ngrok restart FAILED!
[21:33:07] Watchdog started (Flask + Ngrok). Checking every 60s.
[21:33:09] Flask DOWN! Restarting...
[21:33:09] Starting Flask...
[21:33:14] Flask restarted OK
[21:52:55] Watchdog started (Flask + Ngrok). Checking every 60s.
[22:24:27] Ngrok DOWN! Restarting...
[22:24:27] Starting Ngrok...
[22:24:33] Ngrok restarted OK
[22:34:50] Ngrok DOWN! Restarting...
[22:34:50] Starting Ngrok...
[22:34:57] Ngrok restarted OK
...
[22:34:50] Starting Ngrok...
[22:34:57] Ngrok restarted OK
