[2026-05-25 01:28:55] loop start
[2026-05-25 01:29:00] check ok iteration=1
[2026-05-25 01:29:58] loop already running
[2026-05-25 01:39:05] check ok iteration=2
[2026-05-25 01:40:00] loop already running
[2026-05-25 01:49:22] check ok iteration=3
[2026-05-25 01:50:00] loop already running
[2026-05-25 01:54:30] loop start
[2026-05-25 01:54:42] check ok iteration=1
[2026-05-25 02:00:01] loop already running
[2026-05-25 02:04:51] check ok iteration=2
[2026-05-25 02:10:01] loop already running
[2026-05-25 02:13:54] loop start
[2026-05-25 02:14:09] check ok iteration=1
[2026-05-25 02:15:41] loop start
[2026-05-25 02:15:51] check ok iteration=1
[2026-05-25 02:20:00] loop already running
[2026-05-25 02:26:02] check ok iteration=2
[2026-05-25 02:30:01] loop already running
[2026-05-25 02:36:12] check ok iteration=3
[2026-05-25 02:40:00] loop already running
[2026-05-25 02:46:22] check ok iteration=4
[2026-05-25 02:50:01] loop already running
[2026-05-25 02:51:05] loop start
[2026-05-25 02:51:17] check ok iteration=1
[2026-05-25 03:00:01] loop already running
[2026-05-25 03:01:31] check ok iteration=2
[2026-05-25 03:10:01] loop already running
[2026-05-25 03:12:41] check ok iteration=3
[2026-05-25 03:20:00] loop already running
[2026-05-25 03:22:54] check ok iteration=4
[2026-05-25 03:30:00] loop already running
[2026-05-25 03:33:06] check ok iteration=5
[2026-05-25 03:40:00] loop already running
[2026-05-25 03:44:14] check ok iteration=6
[2026-05-25 03:50:00] loop already running
[2026-05-25 03:54:24] check ok iteration=7
[2026-05-25 04:00:00] loop already running
[2026-05-25 04:03:19] loop start
[2026-05-25 04:03:52] check ok iteration=1
[2026-05-25 04:10:01] loop already running
[2026-05-25 04:15:52] check ok iteration=2
[2026-05-25 04:20:00] loop already running
[2026-05-25 04:26:24] check ok iteration=3
[2026-05-25 04:30:00] loop already running
[2026-05-25 04:36:43] check ok iteration=4
[2026-05-25 04:40:00] loop already running
[2026-05-25 04:46:56] check ok iteration=5
[2026-05-25 04:50:00] loop already running
[2026-05-25 04:57:14] check ok iteration=6
[2026-05-25 05:00:00] loop already running
[2026-05-25 05:00:18] loop start
[2026-05-25 05:00:29] check ok iteration=1
[2026-05-25 05:10:02] loop already running
[2026-05-25 05:10:43] check ok iteration=2
[2026-05-25 05:20:04] loop already running
[2026-05-25 05:20:56] check ok iteration=3
[2026-05-25 05:30:04] loop already running
[2026-05-25 05:31:12] check ok iteration=4
[2026-05-25 05:40:02] loop already running
[2026-05-25 05:41:24] check ok iteration=5
[2026-05-25 05:50:00] loop already running
[2026-05-25 05:51:34] check ok iteration=6
[2026-05-25 06:00:00] loop already running
[2026-05-25 06:01:45] check ok iteration=7
[2026-05-25 06:10:01] loop already running
[2026-05-25 06:11:56] check ok iteration=8
[2026-05-25 06:20:00] loop already running
[2026-05-25 06:22:08] check ok iteration=9
[2026-05-25 06:30:00] loop already running
[2026-05-25 06:32:24] check ok iteration=10
[2026-05-25 06:40:00] loop already running
[2026-05-25 06:42:37] check ok iteration=11
[2026-05-25 06:50:00] loop already running
[2026-05-25 06:52:51] check ok iteration=12
[2026-05-25 07:00:00] loop already running
[2026-05-25 07:03:15] check ok iteration=13
[2026-05-25 07:10:00] loop already running
[2026-05-25 07:13:30] check ok iteration=14
[2026-05-25 07:20:00] loop already running
[2026-05-25 07:23:47] check ok iteration=15
[2026-05-25 07:30:00] loop already running
[2026-05-25 07:34:02] check ok iteration=16
[2026-05-25 07:40:00] loop already running
[2026-05-25 07:44:18] check ok iteration=17
[2026-05-25 07:50:00] loop already running
[2026-05-25 07:54:35] check ok iteration=18
[2026-05-25 08:00:00] loop already running
[2026-05-25 08:04:50] check ok iteration=19
[2026-05-25 08:10:00] loop already running
[2026-05-25 08:15:10] check ok iteration=20
[2026-05-25 08:20:00] loop already running
[2026-05-25 08:25:29] check ok iteration=21
[2026-05-25 08:30:00] loop already running
[2026-05-25 08:35:56] check ok iteration=22
[2026-05-25 08:40:00] loop already running
[2026-05-25 08:46:22] check ok iteration=23
[2026-05-25 08:50:00] loop already running
[2026-05-25 08:56:39] check ok iteration=24
[2026-05-25 09:00:00] loop already running
[2026-05-25 09:07:00] check ok iteration=25
[2026-05-25 09:10:01] loop already running
[2026-05-25 09:17:20] check ok iteration=26
[2026-05-25 09:20:01] loop already running
[2026-05-25 09:27:40] check ok iteration=27
[2026-05-25 09:30:00] loop already running
[2026-05-25 09:38:04] check ok iteration=28
[2026-05-25 09:40:00] loop already running
[2026-05-25 09:48:25] check ok iteration=29
[2026-05-25 09:50:00] loop already running
[2026-05-25 09:58:59] check ok iteration=30
[2026-05-25 10:00:02] loop already running
[2026-05-25 10:09:24] check ok iteration=31
[2026-05-25 10:10:01] loop already running
[2026-05-25 10:19:47] check ok iteration=32
[2026-05-25 10:20:00] loop already running
[2026-05-25 10:30:01] loop already running
[2026-05-25 10:30:11] check ok iteration=33
[2026-05-25 10:40:01] loop already running
[2026-05-25 10:40:33] check ok iteration=34
[2026-05-25 10:50:02] loop already running
[2026-05-25 10:51:00] check ok iteration=35
[2026-05-25 11:00:02] loop already running
[2026-05-25 11:01:27] check ok iteration=36
[2026-05-25 11:10:12] loop already running
[2026-05-25 11:11:59] check ok iteration=37
[2026-05-25 11:20:02] loop already running
[2026-05-25 11:22:30] check ok iteration=38
[2026-05-25 11:30:01] loop already running
[2026-05-25 11:32:59] check ok iteration=39
[2026-05-25 11:40:02] loop already running
[2026-05-25 11:43:32] check ok iteration=40
[2026-05-25 11:50:01] loop already running
[2026-05-25 11:54:18] check ok iteration=41
[2026-05-25 12:00:03] loop already running
[2026-05-25 12:04:53] check ok iteration=42
[2026-05-25 12:10:07] loop already running
[2026-05-25 12:15:29] check ok iteration=43
[2026-05-25 12:20:02] loop already running
[2026-05-25 12:27:21] check ok iteration=44
[2026-05-25 12:30:04] loop already running
[2026-05-25 12:37:51] check ok iteration=45
[2026-05-25 12:40:00] loop already running
[2026-05-25 12:48:25] check ok iteration=46
[2026-05-25 12:50:00] loop already running
[2026-05-25 12:59:00] check ok iteration=47
[2026-05-25 13:00:00] loop already running
[2026-05-25 13:09:42] check ok iteration=48
[2026-05-25 13:10:00] loop already running
[2026-05-25 13:20:01] loop already running
[2026-05-25 13:20:25] check ok iteration=49
[2026-05-25 13:30:01] loop already running
[2026-05-25 13:31:07] check ok iteration=50
[2026-05-25 13:40:02] loop already running
[2026-05-25 13:41:51] check ok iteration=51
[2026-05-25 13:50:01] loop already running
[2026-05-25 13:52:35] check ok iteration=52
[2026-05-25 14:00:01] loop already running
[2026-05-25 14:03:34] check ok iteration=53
[2026-05-25 14:10:02] loop already running
[2026-05-25 14:14:31] check ok iteration=54
[2026-05-25 14:20:02] loop already running
[2026-05-25 14:25:29] check ok iteration=55
[2026-05-25 14:30:03] loop already running
[2026-05-25 14:36:17] check ok iteration=56
[2026-05-25 14:40:07] loop already running
[2026-05-25 14:47:06] check ok iteration=57
[2026-05-25 14:50:03] loop already running
[2026-05-25 14:57:51] check ok iteration=58
[2026-05-25 15:00:01] loop already running
[2026-05-25 15:08:48] check ok iteration=59
[2026-05-25 15:10:03] loop already running
[2026-05-25 15:19:34] check ok iteration=60
[2026-05-25 15:20:01] loop already running
[2026-05-25 15:30:02] loop already running
[2026-05-25 15:30:25] check ok iteration=61
[2026-05-25 15:40:03] loop already running
[2026-05-25 15:41:20] check ok iteration=62
[2026-05-25 15:50:03] loop already running
[2026-05-25 15:52:13] check ok iteration=63
[2026-05-25 16:00:05] loop already running
[2026-05-25 16:03:22] check ok iteration=64
[2026-05-25 16:10:01] loop already running
[2026-05-25 16:14:07] check ok iteration=65
[2026-05-25 16:20:01] loop already running
[2026-05-25 16:25:00] check ok iteration=66
[2026-05-25 16:30:01] loop already running
[2026-05-25 16:35:49] check ok iteration=67
[2026-05-25 16:40:02] loop already running
[2026-05-25 16:47:02] check ok iteration=68
[2026-05-25 16:50:01] loop already running
[2026-05-25 16:57:56] check ok iteration=69
[2026-05-25 17:00:01] loop already running
[2026-05-25 17:08:58] check ok iteration=70
[2026-05-25 17:10:00] loop already running
[2026-05-25 17:20:00] check ok iteration=71
[2026-05-25 17:20:01] loop already running
[2026-05-25 17:30:03] loop already running
[2026-05-25 17:31:00] check ok iteration=72
[2026-05-25 17:40:00] loop already running
[2026-05-25 17:42:00] check ok iteration=73
[2026-05-25 17:50:00] loop already running
[2026-05-25 17:52:53] check ok iteration=74
[2026-05-25 18:00:01] loop already running
[2026-05-25 18:03:52] check ok iteration=75
[2026-05-25 18:10:02] loop already running
[2026-05-25 18:14:44] check ok iteration=76
[2026-05-25 18:20:00] loop already running
[2026-05-25 18:25:34] check ok iteration=77
[2026-05-25 18:30:00] loop already running
[2026-05-25 18:36:31] check ok iteration=78
[2026-05-25 18:40:00] loop already running
[2026-05-25 18:47:28] check ok iteration=79
[2026-05-25 18:50:00] loop already running
[2026-05-25 18:58:39] check ok iteration=80
[2026-05-25 19:00:01] loop already running
[2026-05-25 19:09:36] check ok iteration=81
[2026-05-25 19:10:00] loop already running
[2026-05-25 19:20:01] loop already running
[2026-05-25 19:20:43] check ok iteration=82
[2026-05-25 19:30:01] loop already running
[2026-05-25 19:31:42] check ok iteration=83
[2026-05-25 19:40:01] loop already running
[2026-05-25 19:42:47] check ok iteration=84
[2026-05-25 19:50:00] loop already running
[2026-05-25 19:53:52] check ok iteration=85
[2026-05-25 20:00:01] loop already running
[2026-05-25 20:04:55] check ok iteration=86
[2026-05-25 20:10:01] loop already running
[2026-05-25 20:16:01] check ok iteration=87
[2026-05-25 20:20:00] loop already running
[2026-05-25 20:27:03] check ok iteration=88
[2026-05-25 20:30:00] loop already running
[2026-05-25 20:38:06] check ok iteration=89
[2026-05-25 20:40:00] loop already running
[2026-05-25 20:49:22] check ok iteration=90
[2026-05-25 20:50:00] loop already running
[2026-05-25 21:00:04] loop already running
[2026-05-25 21:00:50] check ok iteration=91
[2026-05-25 21:04:07] loop start
[2026-05-25 21:05:44] check ok iteration=1
[2026-05-25 21:10:02] loop already running
[2026-05-25 21:17:03] check ok iteration=2
[2026-05-25 21:20:01] loop already running
[2026-05-25 21:28:34] check ok iteration=3
[2026-05-25 21:30:01] loop already running
[2026-05-25 21:40:02] loop already running
[2026-05-25 21:40:12] check ok iteration=4
[2026-05-25 21:50:04] loop already running
[2026-05-25 21:51:33] check ok iteration=5
[2026-05-25 22:00:04] loop already running
[2026-05-25 22:04:03] check ok iteration=6
[2026-05-25 22:10:02] loop already running
[2026-05-25 22:15:11] check ok iteration=7
[2026-05-25 22:20:00] loop already running
[2026-05-25 22:26:14] check ok iteration=8
[2026-05-25 22:30:01] loop already running
[2026-05-25 22:37:19] check ok iteration=9
[2026-05-25 22:40:02] loop already running
[2026-05-25 22:48:20] check ok iteration=10
[2026-05-25 22:49:02] loop start
[2026-05-25 22:49:28] check ok iteration=1
[2026-05-25 22:50:00] loop already running
[2026-05-25 23:00:01] loop already running
[2026-05-25 23:00:32] check ok iteration=2
[2026-05-25 23:10:01] loop already running
[2026-05-25 23:11:36] check ok iteration=3
[2026-05-25 23:20:01] loop already running
[2026-05-25 23:22:37] check ok iteration=4
[2026-05-25 23:30:00] loop already running
[2026-05-25 23:33:48] check ok iteration=5
[2026-05-25 23:40:00] loop already running
[2026-05-25 23:44:49] check ok iteration=6
[2026-05-25 23:50:00] loop already running
[2026-05-25 23:55:49] check ok iteration=7
[2026-05-26 00:00:00] loop already running
[2026-05-26 00:07:18] check ok iteration=8
[2026-05-26 00:10:01] loop already running
[2026-05-26 00:18:18] check ok iteration=9
[2026-05-26 00:20:00] loop already running
[2026-05-26 00:29:25] check ok iteration=10
[2026-05-26 00:30:00] loop already running
[2026-05-26 00:40:00] loop already running
[2026-05-26 00:40:30] check ok iteration=11
[2026-05-26 00:50:01] loop already running
[2026-05-26 00:51:38] check ok iteration=12
[2026-05-26 01:00:01] loop already running
[2026-05-26 01:02:55] check ok iteration=13
[2026-05-26 01:10:00] loop already running
[2026-05-26 01:14:07] check ok iteration=14
[2026-05-26 01:20:00] loop already running
[2026-05-26 01:25:19] check ok iteration=15
[2026-05-26 01:30:00] loop already running
[2026-05-26 01:36:39] check ok iteration=16
[2026-05-26 01:40:00] loop already running
[2026-05-26 01:48:07] check ok iteration=17
[2026-05-26 01:50:01] loop already running
[2026-05-26 01:59:33] check ok iteration=18
[2026-05-26 02:00:00] loop already running
[2026-05-26 02:10:00] loop already running
[2026-05-26 02:11:04] check ok iteration=19
[2026-05-26 02:20:00] loop already running
[2026-05-26 02:22:35] check ok iteration=20
[2026-05-26 02:30:00] loop already running
[2026-05-26 02:34:07] check ok iteration=21
[2026-05-26 02:40:00] loop already running
[2026-05-26 02:45:39] check ok iteration=22
[2026-05-26 02:50:00] loop already running
[2026-05-26 02:57:20] check ok iteration=23
[2026-05-26 03:00:00] loop already running
[2026-05-26 03:09:17] check ok iteration=24
[2026-05-26 03:10:00] loop already running
[2026-05-26 03:20:00] loop already running
[2026-05-26 03:20:57] check ok iteration=25
[2026-05-26 03:30:00] loop already running
[2026-05-26 03:32:39] check ok iteration=26
[2026-05-26 03:40:00] loop already running
[2026-05-26 03:44:23] check ok iteration=27
[2026-05-26 03:50:00] loop already running
[2026-05-26 03:56:14] check ok iteration=28
[2026-05-26 04:00:00] loop already running
[2026-05-26 04:08:22] check ok iteration=29
[2026-05-26 04:10:00] loop already running
[2026-05-26 04:20:00] loop already running
[2026-05-26 04:20:19] check ok iteration=30
[2026-05-26 04:30:00] loop already running
[2026-05-26 04:32:15] check ok iteration=31
[2026-05-26 04:40:01] loop already running
[2026-05-26 04:44:15] check ok iteration=32
[2026-05-26 04:50:01] loop already running
[2026-05-26 04:56:21] check ok iteration=33
[2026-05-26 05:00:00] loop already running
[2026-05-26 05:08:31] check ok iteration=34
[2026-05-26 05:10:00] loop already running
[2026-05-26 05:20:00] loop already running
[2026-05-26 05:20:36] check ok iteration=35
[2026-05-26 05:30:00] loop already running
[2026-05-26 05:32:46] check ok iteration=36
[2026-05-26 05:40:00] loop already running
[2026-05-26 05:44:55] check ok iteration=37
[2026-05-26 05:50:00] loop already running
[2026-05-26 05:57:01] check ok iteration=38
[2026-05-26 06:00:00] loop already running
[2026-05-26 06:09:49] check ok iteration=39
[2026-05-26 06:10:01] loop already running
[2026-05-26 06:20:01] loop already running
[2026-05-26 06:22:12] check ok iteration=40
[2026-05-26 06:30:00] loop already running
[2026-05-26 06:34:34] check ok iteration=41
[2026-05-26 06:40:00] loop already running
[2026-05-26 06:47:10] check ok iteration=42
[2026-05-26 06:50:01] loop already running
[2026-05-26 06:59:32] check ok iteration=43
[2026-05-26 07:00:00] loop already running
[2026-05-26 07:10:01] loop already running
[2026-05-26 07:12:05] check ok iteration=44
[2026-05-26 07:20:00] loop already running
[2026-05-26 07:24:34] check ok iteration=45
[2026-05-26 07:30:00] loop already running
[2026-05-26 07:37:10] check ok iteration=46
[2026-05-26 07:40:00] loop already running
[2026-05-26 07:50:01] loop already running
[2026-05-26 07:50:04] check ok iteration=47
[2026-05-26 08:00:00] loop already running
[2026-05-26 08:02:50] check ok iteration=48
[2026-05-26 08:10:01] loop already running
[2026-05-26 08:15:34] check ok iteration=49
[2026-05-26 08:20:01] loop already running
[2026-05-26 08:28:44] check ok iteration=50
[2026-05-26 08:30:01] loop already running
[2026-05-26 08:40:00] loop already running
[2026-05-26 08:41:33] check ok iteration=51
[2026-05-26 08:50:00] loop already running
[2026-05-26 08:54:24] check ok iteration=52
[2026-05-26 09:00:00] loop already running
[2026-05-26 09:07:37] check ok iteration=53
[2026-05-26 09:10:01] loop already running
[2026-05-26 09:20:00] loop already running
[2026-05-26 09:20:42] check ok iteration=54
[2026-05-26 09:30:00] loop already running
[2026-05-26 09:34:06] check ok iteration=55
[2026-05-26 09:40:01] loop already running
[2026-05-26 09:47:58] check ok iteration=56
[2026-05-26 09:50:02] loop already running
[2026-05-26 10:00:01] loop already running
[2026-05-26 10:01:29] check ok iteration=57
[2026-05-26 10:10:02] loop already running
[2026-05-26 10:14:54] check ok iteration=58
[2026-05-26 10:20:01] loop already running
[2026-05-26 10:29:10] check ok iteration=59
[2026-05-26 10:30:01] loop already running
[2026-05-26 10:40:04] loop already running
[2026-05-26 10:43:09] check ok iteration=60
[2026-05-26 10:50:03] loop already running
[2026-05-26 10:57:10] check ok iteration=61
[2026-05-26 11:00:03] loop already running
[2026-05-26 11:10:02] loop already running
[2026-05-26 11:10:58] check ok iteration=62
[2026-05-26 11:20:02] loop already running
[2026-05-26 11:24:37] check ok iteration=63
[2026-05-26 11:29:13] loop start
[2026-05-26 11:30:01] loop already running
[2026-05-26 11:33:17] check ok iteration=1
[2026-05-26 11:40:01] loop already running
[2026-05-26 11:47:06] check ok iteration=2
[2026-05-26 11:50:01] loop already running
[2026-05-26 12:00:17] check ok iteration=3
[2026-05-26 12:09:59] loop already running
[2026-05-26 12:13:49] check ok iteration=4
[2026-05-26 12:27:03] check ok iteration=5
[2026-05-26 12:29:59] loop already running
[2026-05-26 12:39:57] check ok iteration=6
[2026-05-26 12:39:59] loop already running
[2026-05-26 12:50:00] loop already running
[2026-05-26 12:52:54] check ok iteration=7
[2026-05-26 13:00:02] loop already running
[2026-05-26 13:06:02] check ok iteration=8
[2026-05-26 13:10:01] loop already running
[2026-05-26 13:11:17] loop start
[2026-05-26 13:14:51] check ok iteration=1
[2026-05-26 13:20:00] loop already running
[2026-05-26 13:28:20] check ok iteration=2
[2026-05-26 13:30:03] loop already running
[2026-05-26 13:40:01] loop already running
[2026-05-26 13:42:06] check ok iteration=3
[2026-05-26 13:50:01] loop already running
[2026-05-26 13:55:38] check ok iteration=4
[2026-05-26 14:00:02] loop already running
[2026-05-26 14:09:09] check ok iteration=5
[2026-05-26 14:10:02] loop already running
[2026-05-26 14:20:01] loop already running
[2026-05-26 14:22:37] check ok iteration=6
[2026-05-26 14:30:00] loop already running
[2026-05-26 14:36:05] check ok iteration=7
[2026-05-26 14:40:03] loop already running
[2026-05-26 14:49:22] check ok iteration=8
[2026-05-26 14:50:00] loop already running
[2026-05-26 15:00:01] loop already running
[2026-05-26 15:02:58] check ok iteration=9
[2026-05-26 15:10:00] loop already running
[2026-05-26 15:16:28] check ok iteration=10
[2026-05-26 15:20:01] loop already running
[2026-05-26 15:29:57] check ok iteration=11
[2026-05-26 15:30:00] loop already running
[2026-05-26 15:40:01] loop already running
[2026-05-26 15:43:31] check ok iteration=12
[2026-05-26 15:50:00] loop already running
[2026-05-26 15:56:54] check ok iteration=13
[2026-05-26 16:00:01] loop already running
[2026-05-26 16:10:00] loop already running
[2026-05-26 16:10:20] check ok iteration=14
[2026-05-26 16:20:00] loop already running
[2026-05-26 16:23:56] check ok iteration=15
[2026-05-26 16:30:02] loop already running
[2026-05-26 16:37:21] check ok iteration=16
[2026-05-26 16:40:02] loop already running
[2026-05-26 16:50:02] loop already running
[2026-05-26 16:50:56] check ok iteration=17
[2026-05-26 17:00:01] loop already running
[2026-05-26 17:04:25] check ok iteration=18
[2026-05-26 17:10:00] loop already running
[2026-05-26 17:17:50] check ok iteration=19
[2026-05-26 17:20:02] loop already running
[2026-05-26 17:30:01] loop already running
[2026-05-26 17:31:22] check ok iteration=20
[2026-05-26 17:40:02] loop already running
[2026-05-26 17:44:51] check ok iteration=21
[2026-05-26 17:50:01] loop already running
[2026-05-26 17:58:18] check ok iteration=22
[2026-05-26 18:00:02] loop already running
[2026-05-26 18:10:00] loop already running
[2026-05-26 18:11:52] check ok iteration=23
[2026-05-26 18:20:02] loop already running
[2026-05-26 18:25:21] check ok iteration=24
[2026-05-26 18:30:01] loop already running
[2026-05-26 18:38:27] check ok iteration=25
[2026-05-26 18:40:01] loop already running
[2026-05-26 18:50:02] loop already running
[2026-05-26 18:52:20] check ok iteration=26
[2026-05-26 19:00:00] loop started
[2026-05-26 19:00:00] loop start
[2026-05-26 19:03:07] check ok iteration=1
[2026-05-26 19:10:00] loop already running
[2026-05-26 19:16:10] check ok iteration=2
[2026-05-26 19:19:59] loop already running
[2026-05-26 19:30:00] loop started
[2026-05-26 19:30:00] loop start
[2026-05-26 19:33:11] check ok iteration=1
[2026-05-26 19:40:02] loop already running
[2026-05-26 19:50:01] loop started
[2026-05-26 19:50:01] loop start
[2026-05-26 19:53:26] check ok iteration=1
[2026-05-26 20:00:00] loop started
[2026-05-26 20:00:00] loop start
[2026-05-26 20:03:32] check ok iteration=1
[2026-05-26 20:10:00] loop started
[2026-05-26 20:10:00] loop start
[2026-05-26 20:13:30] check ok iteration=1
[2026-05-26 20:19:59] loop started
[2026-05-26 20:19:59] loop start
[2026-05-26 20:23:17] check ok iteration=1
[2026-05-26 20:29:59] loop started
[2026-05-26 20:29:59] loop start
[2026-05-26 20:33:06] check ok iteration=1
[2026-05-26 20:40:00] loop started
[2026-05-26 20:40:00] loop start
[2026-05-26 20:50:01] loop started
[2026-05-26 20:50:01] loop start
[2026-05-26 21:00:00] loop started
[2026-05-26 21:00:00] loop start
[2026-05-26 21:10:00] loop started
[2026-05-26 21:10:00] loop start
[2026-05-26 21:13:32] check ok iteration=1
[2026-05-26 21:20:05] loop already running
[2026-05-26 21:28:01] check ok iteration=2
[2026-05-26 21:30:01] loop started
[2026-05-26 21:30:01] loop start
[2026-05-26 21:34:25] check ok iteration=1
[2026-05-26 21:40:01] loop already running
[2026-05-26 21:50:02] loop started
[2026-05-26 21:50:02] loop start
[2026-05-26 21:54:26] check ok iteration=1
[2026-05-26 22:00:01] loop already running
[2026-05-26 22:10:02] loop started
[2026-05-26 22:10:02] loop start
[2026-05-26 22:14:37] check ok iteration=1
[2026-05-26 22:20:05] loop started
[2026-05-26 22:20:05] loop start
[2026-05-26 22:24:28] check ok iteration=1
[2026-05-26 22:30:02] loop already running
[2026-05-26 22:40:03] loop started
[2026-05-26 22:40:03] loop start
[2026-05-26 22:50:02] loop started
[2026-05-26 22:50:02] loop start
[2026-05-26 22:53:44] check ok iteration=1
[2026-05-26 23:00:01] loop already running
[2026-05-26 23:07:36] check ok iteration=2
[2026-05-26 23:10:04] loop started
[2026-05-26 23:10:05] loop start
[2026-05-26 23:16:17] check ok iteration=1
[2026-05-26 23:20:01] loop already running
[2026-05-26 23:30:00] loop already running
[2026-05-26 23:30:04] check ok iteration=2
[2026-05-26 23:40:00] loop already running
[2026-05-26 23:43:51] check ok iteration=3
[2026-05-26 23:50:00] loop already running
[2026-05-27 00:00:00] loop started
[2026-05-27 00:00:00] loop start
[2026-05-27 00:03:46] check ok iteration=1
[2026-05-27 00:10:00] loop already running
[2026-05-27 00:17:32] check ok iteration=2
[2026-05-27 00:19:59] loop already running
[2026-05-27 00:29:59] loop already running
[2026-05-27 00:31:01] check ok iteration=3
[2026-05-27 00:39:59] loop already running
[2026-05-27 00:44:25] check ok iteration=4
[2026-05-27 00:49:59] loop already running
[2026-05-27 00:57:19] check ok iteration=5
[2026-05-27 00:59:59] loop already running
[2026-05-27 01:09:59] loop already running
[2026-05-27 01:10:15] check ok iteration=6
[2026-05-27 01:19:59] loop already running
[2026-05-27 01:23:18] check ok iteration=7
[2026-05-27 01:30:00] loop already running
[2026-05-27 01:36:13] check ok iteration=8
[2026-05-27 01:39:59] loop already running
[2026-05-27 01:49:06] check ok iteration=9
[2026-05-27 01:49:59] loop already running
[2026-05-27 01:59:59] loop already running
[2026-05-27 02:01:59] check ok iteration=10
[2026-05-27 02:09:59] loop already running
[2026-05-27 02:14:52] check ok iteration=11
[2026-05-27 02:19:59] loop already running
[2026-05-27 02:27:46] check ok iteration=12
[2026-05-27 02:29:59] loop already running
[2026-05-27 02:39:59] loop already running
[2026-05-27 02:40:42] check ok iteration=13
[2026-05-27 02:49:59] loop already running
[2026-05-27 02:53:34] check ok iteration=14
[2026-05-27 02:59:59] loop already running
[2026-05-27 03:06:27] check ok iteration=15
[2026-05-27 03:09:59] loop already running
[2026-05-27 03:19:19] check ok iteration=16
[2026-05-27 03:19:59] loop already running
[2026-05-27 03:29:59] loop already running
[2026-05-27 03:32:12] check ok iteration=17
[2026-05-27 03:39:59] loop already running
[2026-05-27 03:45:05] check ok iteration=18
[2026-05-27 03:49:59] loop already running
[2026-05-27 03:57:57] check ok iteration=19
[2026-05-27 03:59:59] loop already running
[2026-05-27 04:10:00] loop already running
[2026-05-27 04:10:50] check ok iteration=20
[2026-05-27 04:19:59] loop already running
[2026-05-27 04:23:44] check ok iteration=21
[2026-05-27 04:29:59] loop already running
[2026-05-27 04:36:37] check ok iteration=22
[2026-05-27 04:39:59] loop already running
[2026-05-27 04:49:29] check ok iteration=23
[2026-05-27 04:49:59] loop already running
[2026-05-27 04:59:59] loop already running
[2026-05-27 05:02:25] check ok iteration=24
[2026-05-27 05:10:00] loop already running
[2026-05-27 05:15:21] check ok iteration=25
[2026-05-27 05:20:00] loop already running
[2026-05-27 05:28:14] check ok iteration=26
[2026-05-27 05:30:00] loop already running
[2026-05-27 05:39:59] loop already running
[2026-05-27 05:41:08] check ok iteration=27
[2026-05-27 05:50:00] loop already running
[2026-05-27 05:54:02] check ok iteration=28
[2026-05-27 06:00:00] loop already running
[2026-05-27 06:06:55] check ok iteration=29
[2026-05-27 06:10:00] loop already running
[2026-05-27 06:19:51] check ok iteration=30
[2026-05-27 06:20:00] loop already running
[2026-05-27 06:30:00] loop already running
[2026-05-27 06:32:45] check ok iteration=31
[2026-05-27 06:40:00] loop already running
[2026-05-27 06:45:47] check ok iteration=32
[2026-05-27 06:49:58] loop already running
[2026-05-27 06:58:40] check ok iteration=33
[2026-05-27 06:59:58] loop already running
[2026-05-27 07:09:58] loop already running
[2026-05-27 07:11:35] check ok iteration=34
[2026-05-27 07:19:59] loop already running
[2026-05-27 07:24:28] check ok iteration=35
[2026-05-27 07:29:59] loop already running
[2026-05-27 07:37:26] check ok iteration=36
[2026-05-27 07:39:59] loop already running
[2026-05-27 07:49:59] loop already running
[2026-05-27 07:50:21] check ok iteration=37
[2026-05-27 07:59:58] loop already running
[2026-05-27 08:03:13] check ok iteration=38
[2026-05-27 08:09:58] loop already running
[2026-05-27 08:16:07] check ok iteration=39
[2026-05-27 08:19:59] loop already running
[2026-05-27 08:29:04] check ok iteration=40
[2026-05-27 08:29:58] loop already running
[2026-05-27 08:39:58] loop already running
[2026-05-27 08:41:57] check ok iteration=41
[2026-05-27 08:49:59] loop already running
[2026-05-27 08:54:51] check ok iteration=42
[2026-05-27 08:59:59] loop already running
[2026-05-27 09:07:44] check ok iteration=43
[2026-05-27 09:09:59] loop already running
[2026-05-27 09:19:59] loop already running
[2026-05-27 09:20:38] check ok iteration=44
[2026-05-27 09:30:00] loop started
[2026-05-27 09:30:00] loop start
[2026-05-27 09:40:02] loop started
[2026-05-27 09:40:03] loop start
[2026-05-27 09:43:42] check ok iteration=1
[2026-05-27 09:50:00] loop already running
[2026-05-27 10:00:02] loop started
[2026-05-27 10:00:03] loop start
[2026-05-27 10:10:01] loop started
[2026-05-27 10:10:02] loop start
[2026-05-27 10:40:05] loop started
[2026-05-27 10:40:06] loop start
[2026-05-27 10:48:01] loop start
[2026-05-27 10:50:01] loop already running
[2026-05-27 11:00:00] loop started
[2026-05-27 11:00:01] loop start
[2026-05-27 11:03:34] check ok iteration=1
[2026-05-27 11:09:59] loop already running
[2026-05-27 11:17:27] check ok iteration=2
[2026-05-27 11:20:00] loop already running
[2026-05-27 11:30:00] loop started
[2026-05-27 11:30:00] loop start
[2026-05-27 11:33:17] check ok iteration=1
[2026-05-27 11:39:59] loop already running
[2026-05-27 11:50:00] loop started
[2026-05-27 11:50:00] loop start
[2026-05-27 11:53:14] check ok iteration=1
[2026-05-27 11:59:59] loop already running
[2026-05-27 12:10:00] loop started
[2026-05-27 12:10:00] loop start
[2026-05-27 12:12:15] check ok iteration=1
[2026-05-27 12:20:00] loop already running
[2026-05-27 12:30:01] loop started
[2026-05-27 12:30:01] loop start
[2026-05-27 12:32:15] check ok iteration=1
[2026-05-27 12:39:59] loop already running
[2026-05-27 12:44:19] check ok iteration=2
[2026-05-27 12:50:00] loop started
[2026-05-27 12:50:00] loop start
[2026-05-27 12:52:07] check ok iteration=1
[2026-05-27 13:00:00] loop already running
[2026-05-27 13:10:00] loop started
[2026-05-27 13:10:00] loop start
[2026-05-27 13:12:32] check ok iteration=1
[2026-05-27 13:20:00] loop started
[2026-05-27 13:20:01] loop start
[2026-05-27 13:30:01] loop started
[2026-05-27 13:30:01] loop start
[2026-05-27 13:32:23] check ok iteration=1
[2026-05-27 13:39:59] loop already running
[2026-05-27 13:44:43] check ok iteration=2
[2026-05-27 13:50:01] loop started
[2026-05-27 13:50:01] loop start
[2026-05-27 14:00:02] loop started
[2026-05-27 14:00:03] loop start
[2026-05-27 14:03:11] check ok iteration=1
[2026-05-27 14:10:01] loop already running
[2026-05-27 14:16:03] check ok iteration=2
[2026-05-27 14:20:01] loop already running
[2026-05-27 14:29:03] check ok iteration=3
[2026-05-27 14:30:01] loop already running
[2026-05-27 14:40:00] loop already running
[2026-05-27 14:42:05] check ok iteration=4
[2026-05-27 14:50:04] loop started
[2026-05-27 14:50:04] loop start
[2026-05-27 14:52:57] check ok iteration=1
[2026-05-27 15:00:00] loop already running
[2026-05-27 15:05:24] check ok iteration=2
[2026-05-27 15:10:00] loop already running
[2026-05-27 15:17:40] check ok iteration=3
[2026-05-27 15:20:00] loop started
[2026-05-27 15:20:00] loop start
[2026-05-27 15:22:18] check ok iteration=1
[2026-05-27 15:30:00] loop already running
[2026-05-27 15:35:16] check ok iteration=2
[2026-05-27 15:40:07] loop already running
[2026-05-27 15:49:30] check ok iteration=3
[2026-05-27 15:50:02] loop already running
[2026-05-27 16:00:00] loop started
[2026-05-27 16:00:00] loop start
[2026-05-27 16:09:59] loop started
[2026-05-27 16:10:00] loop start
[2026-05-27 16:12:32] check ok iteration=1
[2026-05-27 16:20:05] loop already running
[2026-05-27 16:25:35] check ok iteration=2
[2026-05-27 16:30:03] loop already running
[2026-05-27 16:38:37] check ok iteration=3
[2026-05-27 16:40:09] loop already running
[2026-05-27 16:49:59] loop already running
[2026-05-27 16:51:10] check ok iteration=4
[2026-05-27 17:00:04] loop already running
[2026-05-27 17:03:51] check ok iteration=5
[2026-05-27 17:10:07] loop already running
[2026-05-27 17:17:11] check ok iteration=6
[2026-05-27 17:20:01] loop started
[2026-05-27 17:20:01] loop start
[2026-05-27 17:22:34] check ok iteration=1
[2026-05-27 17:30:04] loop already running
[2026-05-27 17:35:41] check ok iteration=2
[2026-05-27 17:40:08] loop already running
[2026-05-27 17:50:00] loop started
[2026-05-27 17:50:00] loop start
[2026-05-27 18:00:06] loop started
[2026-05-27 18:00:07] loop start
[2026-05-27 18:03:05] check ok iteration=1
[2026-05-27 18:10:11] loop started
[2026-05-27 18:10:13] loop start
[2026-05-27 18:13:39] check ok iteration=1
[2026-05-27 18:20:01] loop started
[2026-05-27 18:20:01] loop start
[2026-05-27 18:23:09] check ok iteration=1
[2026-05-27 18:30:03] loop already running
[2026-05-27 18:36:11] check ok iteration=2
[2026-05-27 18:40:05] loop already running
[2026-05-27 18:50:00] loop started
[2026-05-27 18:50:01] loop start
[2026-05-27 18:52:41] check ok iteration=1
[2026-05-27 19:00:05] loop already running
[2026-05-27 19:05:18] check ok iteration=2
[2026-05-27 19:10:01] loop already running
[2026-05-27 19:18:50] check ok iteration=3
[2026-05-27 19:20:00] loop already running
[2026-05-27 19:30:03] loop already running
[2026-05-27 19:31:35] check ok iteration=4
[2026-05-27 19:40:06] loop already running
[2026-05-27 19:44:40] check ok iteration=5
[2026-05-27 19:50:00] loop started
[2026-05-27 19:50:00] loop start
[2026-05-27 19:52:36] check ok iteration=1
[2026-05-27 20:00:04] loop already running
[2026-05-27 20:05:07] check ok iteration=2
[2026-05-27 20:10:02] loop already running
[2026-05-27 20:17:42] check ok iteration=3
[2026-05-27 20:20:01] loop started
[2026-05-27 20:20:01] loop start
[2026-05-27 20:22:36] check ok iteration=1
[2026-05-27 20:30:03] loop already running
[2026-05-27 20:35:16] check ok iteration=2
[2026-05-27 20:40:00] loop already running
[2026-05-27 20:47:53] check ok iteration=3
[2026-05-27 20:50:00] loop started
[2026-05-27 20:50:01] loop start
[2026-05-27 20:52:36] check ok iteration=1
[2026-05-27 21:00:03] loop already running
[2026-05-27 21:05:35] check ok iteration=2
[2026-05-27 21:10:03] loop already running
[2026-05-27 21:20:00] loop started
[2026-05-27 21:20:00] loop start
[2026-05-27 21:22:37] check ok iteration=1
[2026-05-27 21:30:04] loop already running
[2026-05-27 21:35:12] check ok iteration=2
[2026-05-27 21:40:01] loop already running
[2026-05-27 21:47:54] check ok iteration=3
[2026-05-27 21:50:00] loop started
[2026-05-27 21:50:01] loop start
[2026-05-27 21:52:40] check ok iteration=1
[2026-05-27 22:00:05] loop already running
[2026-05-27 22:05:19] check ok iteration=2
[2026-05-27 22:10:01] loop already running
[2026-05-27 22:18:07] check ok iteration=3
[2026-05-27 22:20:01] loop already running
[2026-05-27 22:30:03] loop already running
[2026-05-27 22:30:51] check ok iteration=4
[2026-05-27 22:40:06] loop already running
[2026-05-27 22:43:30] check ok iteration=5
[2026-05-27 22:50:04] loop already running
[2026-05-27 22:56:12] check ok iteration=6
[2026-05-27 23:00:02] loop already running
[2026-05-27 23:10:12] loop already running
[2026-05-27 23:10:12] check ok iteration=7
[2026-05-27 23:20:05] loop already running
[2026-05-27 23:23:37] check ok iteration=8
[2026-05-27 23:30:05] loop already running
[2026-05-27 23:36:38] check ok iteration=9
[2026-05-27 23:40:05] loop already running
[2026-05-27 23:49:59] loop started
[2026-05-27 23:50:00] loop start
[2026-05-27 23:52:26] check ok iteration=1
[2026-05-28 00:00:05] loop already running
[2026-05-28 00:04:58] check ok iteration=2
[2026-05-28 00:10:01] loop already running
[2026-05-28 00:17:41] check ok iteration=3
[2026-05-28 00:20:01] loop already running
[2026-05-28 00:30:01] loop already running
[2026-05-28 00:30:27] check ok iteration=4
[2026-05-28 00:40:05] loop already running
[2026-05-28 00:43:18] check ok iteration=5
[2026-05-28 00:50:01] loop already running
[2026-05-28 00:56:00] check ok iteration=6
[2026-05-28 01:00:04] loop already running
[2026-05-28 01:08:46] check ok iteration=7
[2026-05-28 01:10:04] loop already running
[2026-05-28 01:20:00] loop started
[2026-05-28 01:20:00] loop start
[2026-05-28 01:22:27] check ok iteration=1
[2026-05-28 01:30:05] loop already running
[2026-05-28 01:35:05] check ok iteration=2
[2026-05-28 01:40:01] loop already running
[2026-05-28 01:50:01] loop started
[2026-05-28 01:50:01] loop start
[2026-05-28 01:53:08] check ok iteration=1
[2026-05-28 02:00:09] loop already running
[2026-05-28 02:06:30] check ok iteration=2
[2026-05-28 02:10:10] loop already running
[2026-05-28 02:20:03] loop already running
[2026-05-28 02:20:32] check ok iteration=3
[2026-05-28 02:30:07] loop already running
[2026-05-28 02:34:14] check ok iteration=4
[2026-05-28 02:40:02] loop already running
[2026-05-28 02:46:52] check ok iteration=5
[2026-05-28 02:50:01] loop started
[2026-05-28 02:50:01] loop start
[2026-05-28 02:52:53] check ok iteration=1
[2026-05-28 03:00:08] loop already running
[2026-05-28 03:05:29] check ok iteration=2
[2026-05-28 03:10:05] loop already running
[2026-05-28 03:19:59] loop started
[2026-05-28 03:19:59] loop start
[2026-05-28 03:22:40] check ok iteration=1
[2026-05-28 03:30:06] loop already running
[2026-05-28 03:35:58] check ok iteration=2
[2026-05-28 03:40:07] loop already running
[2026-05-28 03:49:09] check ok iteration=3
[2026-05-28 03:50:05] loop already running
[2026-05-28 04:00:04] loop already running
[2026-05-28 04:02:21] check ok iteration=4
[2026-05-28 04:10:08] loop already running
[2026-05-28 04:15:32] check ok iteration=5
[2026-05-28 04:20:00] loop started
[2026-05-28 04:20:00] loop start
[2026-05-28 04:22:44] check ok iteration=1
[2026-05-28 04:30:04] loop already running
[2026-05-28 04:36:44] check ok iteration=2
[2026-05-28 04:40:11] loop already running
[2026-05-28 04:49:59] loop started
[2026-05-28 04:50:00] loop start
[2026-05-28 04:52:46] check ok iteration=1
[2026-05-28 05:00:06] loop already running
[2026-05-28 05:06:21] check ok iteration=2
[2026-05-28 05:10:14] loop already running
[2026-05-28 05:19:52] check ok iteration=3
[2026-05-28 05:20:01] loop already running
[2026-05-28 05:30:01] loop already running
[2026-05-28 05:32:37] check ok iteration=4
[2026-05-28 05:40:00] loop already running
[2026-05-28 05:45:28] check ok iteration=5
[2026-05-28 05:50:03] loop already running
[2026-05-28 05:58:23] check ok iteration=6
[2026-05-28 06:00:00] loop already running
[2026-05-28 06:10:04] loop already running
[2026-05-28 06:11:20] check ok iteration=7
[2026-05-28 06:20:06] loop already running
[2026-05-28 06:23:53] check ok iteration=8
[2026-05-28 06:30:04] loop already running
[2026-05-28 06:36:40] check ok iteration=9
[2026-05-28 06:40:04] loop already running
[2026-05-28 06:50:04] loop already running
[2026-05-28 06:50:04] check ok iteration=10
[2026-05-28 07:00:04] loop already running
[2026-05-28 07:02:55] check ok iteration=11
[2026-05-28 07:10:04] loop already running
[2026-05-28 07:16:02] check ok iteration=12
[2026-05-28 07:20:03] loop already running
[2026-05-28 07:28:58] check ok iteration=13
[2026-05-28 07:30:03] loop already running
[2026-05-28 07:40:03] loop already running
[2026-05-28 07:42:06] check ok iteration=14
[2026-05-28 07:49:59] loop started
[2026-05-28 07:49:59] loop start
[2026-05-28 07:52:38] check ok iteration=1
[2026-05-28 08:00:05] loop already running
[2026-05-28 08:05:47] check ok iteration=2
[2026-05-28 08:10:04] loop already running
[2026-05-28 08:19:09] check ok iteration=3
[2026-05-28 08:20:00] loop already running
[2026-05-28 08:30:04] loop already running
[2026-05-28 08:32:05] check ok iteration=4
[2026-05-28 08:40:04] loop already running
[2026-05-28 08:44:43] check ok iteration=5
[2026-05-28 08:49:59] loop started
[2026-05-28 08:50:00] loop start
[2026-05-28 08:52:36] check ok iteration=1
[2026-05-28 09:00:04] loop already running
[2026-05-28 09:05:16] check ok iteration=2
[2026-05-28 09:20:01] loop started
[2026-05-28 09:20:01] loop start
[2026-05-28 09:22:36] check ok iteration=1
[2026-05-28 09:35:02] check ok iteration=2
[2026-05-28 09:39:59] loop already running
[2026-05-28 09:47:48] check ok iteration=3
[2026-05-28 09:50:01] loop already running
[2026-05-28 10:00:00] loop already running
[2026-05-28 10:00:20] check ok iteration=4
[2026-05-28 10:10:01] loop already running
[2026-05-28 10:12:39] check ok iteration=5
[2026-05-28 10:20:00] loop already running
[2026-05-28 10:26:01] check ok iteration=6
[2026-05-28 10:30:00] loop already running
[2026-05-28 10:38:35] check ok iteration=7
[2026-05-28 10:40:00] loop already running
[2026-05-28 10:50:28] loop started
[2026-05-28 10:50:30] loop start
[2026-05-28 10:53:06] check ok iteration=8
[2026-05-28 10:54:26] check ok iteration=1
[2026-05-28 11:00:01] loop already running
[2026-05-28 11:05:57] check ok iteration=9
[2026-05-28 11:07:18] check ok iteration=2
[2026-05-28 11:20:00] loop started
[2026-05-28 11:20:00] loop start
[2026-05-28 11:22:49] check ok iteration=1
[2026-05-28 11:30:00] loop already running
[2026-05-28 11:35:45] check ok iteration=2
[2026-05-28 11:40:04] loop already running
[2026-05-28 11:48:54] check ok iteration=3
[2026-05-28 11:50:00] loop started
[2026-05-28 11:50:00] loop start
[2026-05-28 12:00:04] loop started
[2026-05-28 12:00:05] loop start
[2026-05-28 12:03:48] check ok iteration=1
[2026-05-28 12:10:06] loop already running
[2026-05-28 12:16:30] check ok iteration=2
[2026-05-28 12:20:00] loop already running
[2026-05-28 12:29:11] check ok iteration=3
[2026-05-28 12:30:01] loop already running
[2026-05-28 12:40:03] loop started
[2026-05-28 12:40:04] loop start
[2026-05-28 12:43:09] check ok iteration=1
[2026-05-28 12:50:07] loop already running
[2026-05-28 12:57:31] check ok iteration=2
[2026-05-28 13:00:02] loop already running
[2026-05-28 13:10:03] loop already running
[2026-05-28 13:10:54] check ok iteration=3
[2026-05-28 13:20:04] loop already running
[2026-05-28 13:30:08] loop started
[2026-05-28 13:30:09] loop start
[2026-05-28 13:33:55] check ok iteration=1
[2026-05-28 13:40:03] loop already running
[2026-05-28 13:47:04] check ok iteration=2
[2026-05-28 13:50:02] loop already running
[2026-05-28 14:00:08] loop already running
[2026-05-28 14:00:38] check ok iteration=3
[2026-05-28 14:10:15] loop already running
[2026-05-28 14:15:56] check ok iteration=4
[2026-05-28 14:20:05] loop started
[2026-05-28 14:20:05] loop start
[2026-05-28 14:23:05] check ok iteration=1
[2026-05-28 14:30:06] loop already running
[2026-05-28 14:36:08] check ok iteration=2
[2026-05-28 14:40:02] loop already running
[2026-05-28 14:49:27] check ok iteration=3
[2026-05-28 14:50:02] loop already running
[2026-05-28 15:00:03] loop already running
[2026-05-28 15:02:39] check ok iteration=4
[2026-05-28 15:10:04] loop already running
[2026-05-28 15:15:55] check ok iteration=5
[2026-05-28 15:20:03] loop already running
[2026-05-28 15:29:16] check ok iteration=6
[2026-05-28 15:30:02] loop already running
[2026-05-28 15:40:01] loop already running
[2026-05-28 15:42:43] check ok iteration=7
[2026-05-28 15:50:02] loop already running
[2026-05-28 15:55:46] check ok iteration=8
[2026-05-28 16:00:02] loop already running
[2026-05-28 16:09:13] check ok iteration=9
[2026-05-28 16:10:02] loop already running
[2026-05-28 16:20:00] loop already running
[2026-05-28 16:40:13] loop started
[2026-05-28 16:40:16] loop start
[2026-05-28 16:50:04] loop started
[2026-05-28 16:50:04] loop start
[2026-05-28 16:53:01] check ok iteration=1
[2026-05-28 17:00:03] loop started
[2026-05-28 17:00:03] loop start
[2026-05-28 17:03:39] check ok iteration=1
[2026-05-28 17:10:03] loop started
[2026-05-28 17:10:03] loop start
[2026-05-28 17:20:04] loop started
[2026-05-28 17:20:04] loop start
[2026-05-28 17:22:55] check ok iteration=1
[2026-05-28 17:30:01] loop started
[2026-05-28 17:30:01] loop start
[2026-05-28 17:33:31] check ok iteration=1
[2026-05-28 17:40:01] loop started
[2026-05-28 17:40:01] loop start
[2026-05-28 17:50:02] loop started
[2026-05-28 17:50:03] loop start
[2026-05-28 17:52:34] check ok iteration=1
[2026-05-28 18:00:06] loop started
[2026-05-28 18:00:06] loop start
[2026-05-28 18:10:02] loop started
[2026-05-28 18:10:02] loop start
[2026-05-28 18:12:56] check ok iteration=1
[2026-05-28 18:20:09] loop started
[2026-05-28 18:20:10] loop start
[2026-05-28 18:40:03] loop started
[2026-05-28 18:40:04] loop start
[2026-05-28 18:43:24] check ok iteration=1
[2026-05-28 18:50:02] loop started
[2026-05-28 18:50:02] loop start
[2026-05-28 19:00:08] loop started
[2026-05-28 19:00:09] loop start
[2026-05-28 19:05:13] check ok iteration=1
[2026-05-28 19:10:09] loop already running
[2026-05-28 19:20:05] loop already running
[2026-05-28 19:20:45] check ok iteration=2
[2026-05-28 19:30:04] loop started
[2026-05-28 19:30:05] loop start
[2026-05-28 19:40:04] loop started
[2026-05-28 19:40:04] loop start
[2026-05-28 19:43:35] check ok iteration=1
[2026-05-28 19:50:02] loop already running
[2026-05-28 19:58:21] check ok iteration=2
[2026-05-28 20:00:23] loop already running
[2026-05-28 20:10:01] loop already running
[2026-05-28 20:11:25] check ok iteration=3
[2026-05-28 20:20:01] loop already running
[2026-05-28 20:23:47] check ok iteration=4
[2026-05-28 20:30:00] loop already running
[2026-05-28 20:36:10] check ok iteration=5
[2026-05-28 20:40:03] loop already running
[2026-05-28 20:48:38] check ok iteration=6
[2026-05-28 20:50:11] loop already running
[2026-05-28 21:00:03] loop already running
[2026-05-28 21:04:39] check ok iteration=7
[2026-05-28 21:10:23] loop started
[2026-05-28 21:10:25] loop start
[2026-05-28 21:16:28] check ok iteration=1
[2026-05-28 21:18:51] check ok iteration=8
[2026-05-28 21:20:02] loop already running
[2026-05-28 21:30:02] loop already running
[2026-05-28 21:31:02] check ok iteration=2
[2026-05-28 21:40:08] loop started
[2026-05-28 21:40:08] loop start
[2026-05-28 21:45:46] check ok iteration=1
[2026-05-28 21:50:06] loop already running
[2026-05-28 22:00:04] loop started
[2026-05-28 22:00:04] loop start
[2026-05-28 22:10:01] loop started
[2026-05-28 22:10:01] loop start
[2026-05-28 22:12:18] check ok iteration=1
[2026-05-28 22:20:01] loop already running
[2026-05-28 22:25:01] check ok iteration=2
[2026-05-28 22:30:06] loop already running
[2026-05-28 22:37:38] check ok iteration=3
[2026-05-28 22:40:00] loop already running
[2026-05-28 22:49:59] loop already running
[2026-05-28 22:50:05] check ok iteration=4
[2026-05-28 22:59:59] loop started
[2026-05-28 22:59:59] loop start
[2026-05-28 23:02:15] check ok iteration=1
[2026-05-28 23:10:01] loop already running
[2026-05-28 23:16:04] check ok iteration=2
[2026-05-28 23:20:04] loop already running
[2026-05-28 23:29:10] check ok iteration=3
[2026-05-28 23:30:01] loop already running
[2026-05-28 23:50:03] loop started
[2026-05-28 23:50:04] loop start
[2026-05-28 23:51:51] check ok iteration=1
[2026-05-29 00:10:00] loop started
[2026-05-29 00:10:00] loop start
[2026-05-29 00:13:09] check ok iteration=1
[2026-05-29 00:21:55] loop already running
[2026-05-29 00:27:05] check ok iteration=2
[2026-05-29 00:30:00] loop already running
[2026-05-29 00:39:46] check ok iteration=3
[2026-05-29 00:39:59] loop already running
[2026-05-29 00:50:00] loop already running
[2026-05-29 00:52:12] check ok iteration=4
[2026-05-29 01:00:05] loop already running
[2026-05-29 01:04:26] check ok iteration=5
[2026-05-29 01:10:38] loop already running
[2026-05-29 01:16:58] check ok iteration=6
[2026-05-29 01:21:10] loop started
[2026-05-29 01:21:10] loop start
[2026-05-29 01:24:32] check ok iteration=1
[2026-05-29 01:29:28] check ok iteration=7
[2026-05-29 01:30:02] loop already running
[2026-05-29 01:40:00] loop already running
[2026-05-29 01:40:58] check ok iteration=2
[2026-05-29 01:41:55] check ok iteration=8
[2026-05-29 01:50:25] loop started
[2026-05-29 01:50:26] loop start
[2026-05-29 01:52:52] check ok iteration=1
[2026-05-29 01:53:24] check ok iteration=3
[2026-05-29 01:55:41] check ok iteration=9
[2026-05-29 02:00:32] loop already running
[2026-05-29 02:06:39] check ok iteration=4
[2026-05-29 02:06:39] check ok iteration=2
[2026-05-29 02:11:06] loop started
[2026-05-29 02:12:22] loop start
[2026-05-29 02:12:28] check ok iteration=10
[2026-05-29 02:15:16] check ok iteration=1
[2026-05-29 02:18:55] check ok iteration=5
[2026-05-29 02:18:55] check ok iteration=3
[2026-05-29 02:19:59] loop already running
[2026-05-29 02:26:37] check ok iteration=11
[2026-05-29 02:29:14] check ok iteration=2
[2026-05-29 02:30:03] loop already running
[2026-05-29 02:32:07] check ok iteration=6
[2026-05-29 02:32:07] check ok iteration=4
[2026-05-29 02:39:30] check ok iteration=12
[2026-05-29 02:40:27] loop already running
[2026-05-29 02:41:58] check ok iteration=3
[2026-05-29 02:50:42] check ok iteration=5
[2026-05-29 02:50:42] check ok iteration=7
[2026-05-29 02:50:44] loop already running
[2026-05-29 02:53:51] check ok iteration=13
[2026-05-29 02:54:19] check ok iteration=4
[2026-05-29 03:00:57] loop already running
[2026-05-29 03:03:44] check ok iteration=8
[2026-05-29 03:03:44] check ok iteration=6
[2026-05-29 03:09:44] check ok iteration=14
[2026-05-29 03:09:44] check ok iteration=5
[2026-05-29 03:10:47] loop already running
[2026-05-29 03:18:43] check ok iteration=9
[2026-05-29 03:18:43] check ok iteration=7
[2026-05-29 03:25:38] check ok iteration=6
[2026-05-29 03:25:38] check ok iteration=15
[2026-05-29 03:30:31] loop started
[2026-05-29 03:30:32] loop start
[2026-05-29 03:41:12] check ok iteration=8
[2026-05-29 03:41:12] check ok iteration=1
[2026-05-29 03:41:12] check ok iteration=10
[2026-05-29 03:41:14] loop already running
[2026-05-29 03:52:28] check ok iteration=16
[2026-05-29 03:52:28] check ok iteration=7
[2026-05-29 03:55:48] check ok iteration=9
[2026-05-29 03:55:48] check ok iteration=2
[2026-05-29 03:55:48] check ok iteration=11
[2026-05-29 04:00:08] loop already running
[2026-05-29 04:05:22] check ok iteration=17
[2026-05-29 04:05:25] check ok iteration=8
[2026-05-29 04:09:43] check ok iteration=3
[2026-05-29 04:09:43] check ok iteration=12
[2026-05-29 04:09:44] check ok iteration=10
[2026-05-29 04:10:18] loop already running
[2026-05-29 04:19:00] check ok iteration=18
[2026-05-29 04:19:02] check ok iteration=9
[2026-05-29 04:21:28] loop already running
[2026-05-29 04:24:42] check ok iteration=4
[2026-05-29 04:24:42] check ok iteration=11
[2026-05-29 04:30:00] loop already running
[2026-05-29 04:31:42] check ok iteration=19
[2026-05-29 04:31:45] check ok iteration=10
[2026-05-29 04:40:03] loop already running
[2026-05-29 04:40:29] check ok iteration=5

[2026-05-29 04:40:29] check ok iteration=14
[2026-05-29 04:45:39] check ok iteration=20
[2026-05-29 04:45:44] check ok iteration=11
[2026-05-29 05:00:08] loop already running
[2026-05-29 05:03:17] check ok iteration=15
[2026-05-29 05:03:17] check ok iteration=6
[2026-05-29 05:03:17] check ok iteration=21
[2026-05-29 05:03:19] check ok iteration=13
[2026-05-29 05:10:24] loop already running
[2026-05-29 05:20:05] loop already running
[2026-05-29 05:20:18] check ok iteration=7
[2026-05-29 05:20:18] check ok iteration=22
[2026-05-29 05:20:18] check ok iteration=14
[2026-05-29 05:20:18] check ok iteration=13
[2026-05-29 05:20:18] check ok iteration=16
[2026-05-29 05:30:19] loop already running
[2026-05-29 05:34:51] check ok iteration=23
[2026-05-29 05:34:56] check ok iteration=15
[2026-05-29 05:34:57] check ok iteration=8
[2026-05-29 05:34:58] check ok iteration=14
[2026-05-29 05:35:00] check ok iteration=17
[2026-05-29 05:40:09] loop already running
[2026-05-29 05:50:20] loop already running
[2026-05-29 05:51:16] check ok iteration=16
[2026-05-29 05:51:16] check ok iteration=24
[2026-05-29 05:51:16] check ok iteration=18
[2026-05-29 05:51:16] check ok iteration=9
[2026-05-29 05:51:16] check ok iteration=15
[2026-05-29 06:00:05] loop already running
[2026-05-29 06:05:23] check ok iteration=16
[2026-05-29 06:05:33] check ok iteration=19
[2026-05-29 06:05:35] check ok iteration=10
[2026-05-29 06:05:35] check ok iteration=17
[2026-05-29 06:05:42] check ok iteration=25
[2026-05-29 06:10:20] loop already running
[2026-05-29 06:20:25] check ok iteration=18
[2026-05-29 06:20:25] check ok iteration=20
[2026-05-29 06:20:25] check ok iteration=26
[2026-05-29 06:20:25] check ok iteration=17
[2026-05-29 06:20:37] loop started
[2026-05-29 06:20:40] loop start
[2026-05-29 06:25:56] check ok iteration=1
[2026-05-29 06:30:42] loop started
[2026-05-29 06:30:52] loop start
[2026-05-29 06:32:19] check ok iteration=12
[2026-05-29 06:32:19] check ok iteration=21
[2026-05-29 06:32:19] check ok iteration=1
[2026-05-29 06:32:34] check ok iteration=19
[2026-05-29 06:34:06] check ok iteration=18
[2026-05-29 06:34:40] check ok iteration=27
[2026-05-29 06:38:18] check ok iteration=2
[2026-05-29 06:40:12] loop already running
[2026-05-29 06:46:04] check ok iteration=20
[2026-05-29 06:46:18] check ok iteration=22
[2026-05-29 06:46:19] check ok iteration=2
[2026-05-29 06:46:20] check ok iteration=13
[2026-05-29 06:47:43] check ok iteration=19
[2026-05-29 06:48:10] check ok iteration=28
[2026-05-29 06:49:59] loop already running
[2026-05-29 06:51:15] check ok iteration=3
[2026-05-29 07:00:06] loop already running
[2026-05-29 07:02:28] check ok iteration=21
[2026-05-29 07:02:42] check ok iteration=3
[2026-05-29 07:02:43] check ok iteration=14
[2026-05-29 07:02:44] check ok iteration=23
[2026-05-29 07:03:16] check ok iteration=20
[2026-05-29 07:03:17] check ok iteration=29
[2026-05-29 07:04:23] check ok iteration=4
[2026-05-29 07:10:03] loop already running
[2026-05-29 07:16:22] check ok iteration=22
[2026-05-29 07:17:00] check ok iteration=15
[2026-05-29 07:17:00] check ok iteration=4
[2026-05-29 07:17:00] check ok iteration=24
[2026-05-29 07:17:48] check ok iteration=30
[2026-05-29 07:17:49] check ok iteration=21
[2026-05-29 07:18:25] check ok iteration=5
[2026-05-29 07:20:02] loop already running
[2026-05-29 07:30:43] loop started
[2026-05-29 07:31:35] check ok iteration=23
[2026-05-29 07:31:35] loop start
[2026-05-29 07:34:18] check ok iteration=25
[2026-05-29 07:34:24] check ok iteration=31
[2026-05-29 07:34:27] check ok iteration=22
[2026-05-29 07:35:09] check ok iteration=1
[2026-05-29 07:50:06] loop started
[2026-05-29 07:50:06] loop start
[2026-05-29 08:00:02] loop started
[2026-05-29 08:00:02] loop start
[2026-05-29 08:02:46] check ok iteration=1
[2026-05-29 08:10:01] loop already running
[2026-05-29 08:15:49] check ok iteration=2
[2026-05-29 08:20:02] loop already running
[2026-05-29 08:30:00] loop started
[2026-05-29 08:30:00] loop start
[2026-05-29 08:40:00] loop started
[2026-05-29 08:40:01] loop start
[2026-05-29 08:42:33] check ok iteration=1
[2026-05-29 08:49:59] loop started
[2026-05-29 08:50:00] loop start
[2026-05-29 09:00:02] loop started
[2026-05-29 09:00:02] loop start
[2026-05-29 09:10:03] loop started
[2026-05-29 09:10:04] loop start
[2026-05-29 09:13:02] check ok iteration=1
[2026-05-29 09:20:00] loop started
[2026-05-29 09:20:01] loop start
[2026-05-29 09:22:22] check ok iteration=1
[2026-05-29 09:30:01] loop already running
[2026-05-29 09:34:58] check ok iteration=2
[2026-05-29 09:40:03] loop already running
[2026-05-29 09:50:04] loop already running
[2026-05-29 09:51:20] check ok iteration=3
[2026-05-29 10:00:01] loop started
[2026-05-29 10:00:01] loop start
[2026-05-29 10:10:01] loop started
[2026-05-29 10:10:01] loop start
[2026-05-29 10:12:23] check ok iteration=1
[2026-05-29 10:20:00] loop already running
[2026-05-29 10:24:33] check ok iteration=2
[2026-05-29 10:30:08] loop already running
[2026-05-29 10:37:27] check ok iteration=3
[2026-05-29 10:40:03] loop already running
[2026-05-29 10:49:57] check ok iteration=4
[2026-05-29 10:50:00] loop already running
[2026-05-29 11:00:02] loop started
[2026-05-29 11:00:02] loop start
[2026-05-29 11:02:42] check ok iteration=1
[2026-05-29 11:10:04] loop already running
[2026-06-01 22:54:57] loop already running
[2026-06-01 23:04:59] loop started
[2026-06-01 23:05:02] loop start
[2026-06-01 23:07:24] check ok iteration=1
[2026-06-01 23:10:01] loop started
[2026-06-01 23:10:01] loop start
[2026-06-01 23:18:47] check ok iteration=2
[2026-06-01 23:20:04] loop started
[2026-06-01 23:20:05] loop start
[2026-06-01 23:30:05] loop already running
[2026-06-01 23:32:24] check ok iteration=3
[2026-06-01 23:40:03] loop already running
[2026-06-01 23:44:20] check ok iteration=4
[2026-06-01 23:50:00] loop already running
[2026-06-01 23:55:39] check ok iteration=5
[2026-06-02 00:00:01] loop already running
[2026-06-02 00:06:56] check ok iteration=6
[2026-06-02 00:10:01] loop already running
[2026-06-02 00:18:13] check ok iteration=7
[2026-06-02 00:20:00] loop already running
[2026-06-02 00:29:23] check ok iteration=8
[2026-06-02 00:30:00] loop already running
[2026-06-02 00:40:00] loop already running
[2026-06-02 00:40:41] check ok iteration=9
[2026-06-02 00:49:59] loop already running
[2026-06-02 00:52:02] check ok iteration=10
[2026-06-02 00:59:59] loop already running
[2026-06-02 01:03:10] check ok iteration=11
[2026-06-02 01:09:59] loop already running
[2026-06-02 01:14:17] check ok iteration=12
[2026-06-02 01:19:59] loop already running
[2026-06-02 01:25:17] check ok iteration=13
[2026-06-02 01:29:59] loop already running
[2026-06-02 01:36:25] check ok iteration=14
[2026-06-02 01:39:59] loop already running
[2026-06-02 01:47:26] check ok iteration=15
[2026-06-02 01:49:59] loop already running
[2026-06-02 01:58:27] check ok iteration=16
[2026-06-02 01:59:59] loop already running
[2026-06-02 02:10:04] loop already running
[2026-06-02 02:10:15] check ok iteration=17
[2026-06-02 02:20:01] loop already running
[2026-06-02 02:21:44] check ok iteration=18
[2026-06-02 02:30:01] loop already running
[2026-06-02 02:33:38] check ok iteration=19
[2026-06-02 02:40:01] loop already running
[2026-06-02 02:44:39] check ok iteration=20
[2026-06-02 02:50:02] loop already running
[2026-06-02 02:55:57] check ok iteration=21
[2026-06-02 03:00:01] loop already running
[2026-06-02 03:06:53] check ok iteration=22
[2026-06-02 03:10:00] loop already running
[2026-06-02 03:17:58] check ok iteration=23
[2026-06-02 03:20:00] loop already running
[2026-06-02 03:28:54] check ok iteration=24
[2026-06-02 03:30:01] loop already running
[2026-06-02 03:40:00] loop already running
[2026-06-02 03:40:07] check ok iteration=25
[2026-06-02 03:49:59] loop already running
[2026-06-02 03:51:13] check ok iteration=26
[2026-06-02 04:00:00] loop already running
[2026-06-02 04:02:16] check ok iteration=27
[2026-06-02 04:09:59] loop already running
[2026-06-02 04:13:17] check ok iteration=28
[2026-06-02 04:19:59] loop already running
[2026-06-02 04:24:14] check ok iteration=29
[2026-06-02 04:29:59] loop already running
[2026-06-02 04:35:12] check ok iteration=30
[2026-06-02 04:39:59] loop already running
[2026-06-02 04:46:09] check ok iteration=31
[2026-06-02 04:49:59] loop already running
[2026-06-02 04:57:18] check ok iteration=32
[2026-06-02 05:00:00] loop already running
[2026-06-02 05:08:21] check ok iteration=33
[2026-06-02 05:09:59] loop already running
[2026-06-02 05:19:29] check ok iteration=34
[2026-06-02 05:19:59] loop already running
[2026-06-02 05:29:59] loop already running
[2026-06-02 05:30:33] check ok iteration=35
[2026-06-02 05:39:59] loop already running
[2026-06-02 05:41:35] check ok iteration=36
[2026-06-02 05:49:59] loop already running
[2026-06-02 05:52:40] check ok iteration=37
[2026-06-02 05:59:59] loop already running
[2026-06-02 06:03:43] check ok iteration=38
[2026-06-02 06:09:59] loop already running
[2026-06-02 06:14:46] check ok iteration=39
[2026-06-02 06:20:00] loop already running
[2026-06-02 06:25:44] check ok iteration=40
[2026-06-02 06:29:59] loop already running
[2026-06-02 06:36:43] check ok iteration=41
[2026-06-02 06:39:59] loop already running
[2026-06-02 06:47:45] check ok iteration=42
[2026-06-02 06:49:59] loop already running
[2026-06-02 06:58:43] check ok iteration=43
[2026-06-02 06:59:59] loop already running
[2026-06-02 07:09:41] check ok iteration=44
[2026-06-02 07:09:59] loop already running
[2026-06-02 07:20:00] loop already running
[2026-06-02 07:20:39] check ok iteration=45
[2026-06-02 07:29:59] loop already running
[2026-06-02 07:31:37] check ok iteration=46
[2026-06-02 07:39:59] loop already running
[2026-06-02 07:42:37] check ok iteration=47
[2026-06-02 07:50:00] loop already running
[2026-06-02 07:53:35] check ok iteration=48
[2026-06-02 07:59:59] loop already running
[2026-06-02 08:04:39] check ok iteration=49
[2026-06-02 08:09:59] loop already running
[2026-06-02 08:15:36] check ok iteration=50
[2026-06-02 08:19:59] loop already running
[2026-06-02 08:26:33] check ok iteration=51
[2026-06-02 08:29:59] loop already running
[2026-06-02 08:37:30] check ok iteration=52
[2026-06-02 08:39:59] loop already running
[2026-06-02 08:48:33] check ok iteration=53
[2026-06-02 08:49:59] loop already running
[2026-06-02 08:59:37] check ok iteration=54
[2026-06-02 08:59:59] loop already running
[2026-06-02 09:09:59] loop already running
[2026-06-02 09:10:37] check ok iteration=55
[2026-06-02 09:19:58] loop already running
[2026-06-02 09:21:34] check ok iteration=56
[2026-06-02 09:29:58] loop already running
[2026-06-02 09:32:37] check ok iteration=57
[2026-06-02 09:39:58] loop already running
[2026-06-02 09:43:36] check ok iteration=58
[2026-06-02 09:49:58] loop already running
[2026-06-02 09:54:35] check ok iteration=59
[2026-06-02 09:59:59] loop already running
[2026-06-02 10:10:01] loop started
[2026-06-02 10:10:02] loop start
[2026-06-02 10:12:33] check ok iteration=1
[2026-06-02 10:20:00] loop already running
[2026-06-02 10:24:55] check ok iteration=2
[2026-06-02 10:30:00] loop already running
[2026-06-02 10:36:21] check ok iteration=3
[2026-06-02 10:40:01] loop already running
[2026-06-02 10:48:13] check ok iteration=4
[2026-06-02 10:49:59] loop already running
[2026-06-02 11:00:18] loop already running
[2026-06-02 11:01:07] check ok iteration=5
[2026-06-02 11:10:01] loop already running
[2026-06-02 11:13:36] check ok iteration=6
[2026-06-02 11:26:42] check ok iteration=7
[2026-06-02 11:30:12] loop already running
[2026-06-02 11:38:08] check ok iteration=8
[2026-06-02 11:40:00] loop already running
[2026-06-02 11:49:32] check ok iteration=9
[2026-06-02 11:50:00] loop already running
[2026-06-02 12:00:10] loop already running
[2026-06-02 12:02:02] check ok iteration=10
[2026-06-02 12:10:00] loop already running
[2026-06-02 12:14:15] check ok iteration=11
[2026-06-02 12:20:02] loop already running
[2026-06-02 12:25:51] check ok iteration=12
[2026-06-02 12:30:00] loop already running
[2026-06-02 12:38:22] check ok iteration=13
[2026-06-02 12:40:00] loop already running
[2026-06-02 12:50:09] loop already running
[2026-06-02 12:50:25] check ok iteration=14
[2026-06-02 13:00:06] loop already running
[2026-06-02 13:03:52] check ok iteration=15
[2026-06-02 13:10:00] loop already running
[2026-06-02 13:15:11] check ok iteration=16
[2026-06-02 13:19:59] loop already running
[2026-06-02 13:26:21] check ok iteration=17
[2026-06-02 13:30:00] loop already running
[2026-06-02 13:37:57] check ok iteration=18
[2026-06-02 13:40:03] loop already running
[2026-06-02 13:49:41] check ok iteration=19
[2026-06-02 13:50:00] loop already running
[2026-06-02 13:59:59] loop already running
[2026-06-02 14:01:00] check ok iteration=20
[2026-06-02 14:10:01] loop already running
[2026-06-02 14:12:35] check ok iteration=21
[2026-06-02 14:23:45] check ok iteration=22
[2026-06-02 14:29:59] loop already running
[2026-06-02 14:40:02] loop started
[2026-06-02 14:40:02] loop start
[2026-06-02 14:41:33] check ok iteration=1
[2026-06-02 14:50:02] loop already running
[2026-06-02 14:53:42] check ok iteration=2
[2026-06-02 14:59:59] loop already running
[2026-06-02 15:05:05] check ok iteration=3
[2026-06-02 15:10:10] loop already running
[2026-06-02 15:19:46] check ok iteration=4
[2026-06-02 15:20:07] loop already running
[2026-06-02 15:30:06] loop already running
[2026-06-02 15:34:09] check ok iteration=5
[2026-06-02 15:40:03] loop already running
[2026-06-02 15:46:52] check ok iteration=6
[2026-06-02 15:50:07] loop already running
[2026-06-02 15:59:04] check ok iteration=7
[2026-06-02 16:00:04] loop already running
[2026-06-02 16:10:30] loop started
[2026-06-02 16:10:31] loop start
[2026-06-02 16:19:15] check ok iteration=1
[2026-06-02 16:20:29] loop started
[2026-06-02 16:20:31] loop start
[2026-06-02 16:30:02] loop already running
[2026-06-02 16:40:12] loop started
[2026-06-02 16:40:14] loop start
[2026-06-02 16:44:31] check ok iteration=1
[2026-06-02 16:50:03] loop already running
[2026-06-02 16:56:30] check ok iteration=2
[2026-06-02 16:59:59] loop already running
[2026-06-02 17:08:43] check ok iteration=3
[2026-06-02 17:10:01] loop already running
[2026-06-02 17:20:00] loop already running
[2026-06-02 17:21:24] check ok iteration=4
[2026-06-02 17:30:01] loop already running
[2026-06-02 17:33:31] check ok iteration=5
[2026-06-02 17:40:00] loop already running
[2026-06-02 17:45:56] check ok iteration=6
[2026-06-02 17:50:02] loop already running
[2026-06-02 17:58:06] check ok iteration=7
[2026-06-02 18:00:00] loop already running
[2026-06-02 18:10:04] loop already running
[2026-06-02 18:10:48] check ok iteration=8
[2026-06-02 18:20:04] loop already running
[2026-06-02 18:23:30] check ok iteration=9
[2026-06-02 18:30:03] loop already running
[2026-06-02 18:35:56] check ok iteration=10
[2026-06-02 18:40:00] loop already running
[2026-06-02 18:48:48] check ok iteration=11
[2026-06-02 18:50:03] loop already running
[2026-06-02 19:00:02] loop already running
[2026-06-02 19:01:47] check ok iteration=12
[2026-06-02 19:10:05] loop already running
[2026-06-02 19:14:09] check ok iteration=13
[2026-06-02 19:20:08] loop already running
[2026-06-02 19:26:59] check ok iteration=14
[2026-06-02 19:30:03] loop already running
[2026-06-02 19:39:19] check ok iteration=15
[2026-06-02 19:40:03] loop already running
[2026-06-02 19:50:02] loop already running
[2026-06-02 19:51:18] check ok iteration=16
[2026-06-02 19:59:59] loop already running
[2026-06-02 20:02:55] check ok iteration=17
[2026-06-02 20:09:59] loop already running
[2026-06-02 20:14:30] check ok iteration=18
[2026-06-02 20:19:59] loop already running
[2026-06-02 20:26:01] check ok iteration=19
[2026-06-02 20:29:59] loop already running
[2026-06-02 20:37:33] check ok iteration=20
[2026-06-02 20:39:59] loop already running
[2026-06-02 20:49:11] check ok iteration=21
[2026-06-02 20:49:59] loop already running
[2026-06-02 21:00:00] loop already running
[2026-06-02 21:00:54] check ok iteration=22
[2026-06-02 21:09:59] loop already running
[2026-06-02 21:12:26] check ok iteration=23
[2026-06-02 21:19:59] loop already running
[2026-06-02 21:23:49] check ok iteration=24
[2026-06-02 21:29:59] loop already running
[2026-06-02 21:35:12] check ok iteration=25
[2026-06-02 21:39:59] loop already running
[2026-06-02 21:49:25] check ok iteration=26
[2026-06-02 21:50:04] loop already running
[2026-06-02 22:00:14] loop already running
[2026-06-02 22:06:50] check ok iteration=27
[2026-06-02 22:10:02] loop already running
[2026-06-02 22:19:13] check ok iteration=28
[2026-06-02 22:20:05] loop already running
[2026-06-02 22:30:03] loop already running
[2026-06-02 22:31:40] check ok iteration=29
[2026-06-02 22:40:07] loop already running
[2026-06-02 22:50:04] loop started
[2026-06-02 22:50:04] loop start
[2026-06-02 22:53:06] check ok iteration=1
