\BOOKMARK [1][-]{section.1}{\376\377\215\133\230\230\133\232\116\111\116\016\124\010\211\304\217\271\165\114}{}% 1
\BOOKMARK [2][-]{subsection.1.1}{\376\377\133\230\145\271\116\373\122\241\123\343\137\204}{section.1}% 2
\BOOKMARK [2][-]{subsection.1.2}{\376\377\145\366\225\364\122\007\122\006\116\016\170\024\172\166\176\252\137\213}{section.1}% 3
\BOOKMARK [1][-]{section.2}{\376\377\213\304\116\367\143\007\150\007\116\016\133\236\163\260\145\271\137\017}{}% 4
\BOOKMARK [2][-]{subsection.2.1}{\376\377\152\052\142\052\227\142\150\007\121\306\123\026}{section.2}% 5
\BOOKMARK [2][-]{subsection.2.2}{\376\377\133\230\145\271\116\073\143\007\150\007}{section.2}% 6
\BOOKMARK [2][-]{subsection.2.3}{\376\377\217\205\122\251\213\312\145\255\143\007\150\007}{section.2}% 7
\BOOKMARK [1][-]{section.3}{\376\377\122\006\224\237\123\366\133\120\126\340\133\120\213\276\213\241}{}% 8
\BOOKMARK [2][-]{subsection.3.1}{\376\377\213\276\213\241\123\237\122\031}{section.3}% 9
\BOOKMARK [2][-]{subsection.3.2}{\376\377\147\000\176\310\176\304\124\010\117\177\165\050\166\204\123\366\133\120\126\340\133\120}{section.3}% 10
\BOOKMARK [1][-]{section.4}{\376\377\147\000\176\310\123\101\126\340\133\120\377\032\134\125\137\000\121\154\137\017\116\016\176\317\155\116\124\053\116\111}{}% 11
\BOOKMARK [2][-]{subsection.4.1}{\376\377\176\304\124\010\176\246\147\137}{section.4}% 12
\BOOKMARK [2][-]{subsection.4.2}{\376\377\000F\0000\0001\377\032\131\047\123\125\142\147\210\114\123\213\122\233}{section.4}% 13
\BOOKMARK [2][-]{subsection.4.3}{\376\377\000F\0000\0002\377\032\145\345\121\205\123\315\217\154\116\016\142\020\116\244\173\024\145\160\145\366\136\217}{section.4}% 14
\BOOKMARK [2][-]{subsection.4.4}{\376\377\000F\0000\0003\377\032\000V\000W\000A\000P\000\040\142\147\210\114\116\367\150\074\123\213\122\233}{section.4}% 15
\BOOKMARK [2][-]{subsection.4.5}{\376\377\000F\0000\0004\377\032\142\020\116\244\173\024\145\160\226\306\116\055\136\246}{section.4}% 16
\BOOKMARK [2][-]{subsection.4.6}{\376\377\000F\0000\0005\377\032\134\076\166\330\123\213\122\233\116\016\142\020\116\244\122\006\136\003\117\356\131\015}{section.4}% 17
\BOOKMARK [2][-]{subsection.4.7}{\376\377\000F\0000\0006\377\032\166\370\133\371\122\006\224\237\000\040\000A\000m\000i\000h\000u\000d\000\040\121\262\121\373}{section.4}% 18
\BOOKMARK [2][-]{subsection.4.8}{\376\377\000F\0000\0007\377\032\166\370\133\371\000\040\000V\000P\000I\000N\000\040\213\242\123\125\155\101\153\322\140\047}{section.4}% 19
\BOOKMARK [2][-]{subsection.4.9}{\376\377\000F\0000\0008\377\032\145\345\121\205\116\016\116\224\145\345\215\213\122\277\170\156\213\244}{section.4}% 20
\BOOKMARK [2][-]{subsection.4.10}{\376\377\000F\0000\0009\377\032\122\006\224\237\000\040\000A\000m\000i\000h\000u\000d\000\040\116\367\150\074\121\262\121\373}{section.4}% 21
\BOOKMARK [2][-]{subsection.4.11}{\376\377\000F\0001\0000\377\032\142\020\116\244\221\317\040\023\142\020\116\244\173\024\145\160\226\306\116\055\136\246\135\356}{section.4}% 22
\BOOKMARK [1][-]{section.5}{\376\377\133\371\161\147\133\236\232\214}{}% 23
\BOOKMARK [2][-]{subsection.5.1}{\376\377\124\014\230\316\150\074\116\016\215\350\230\316\150\074\176\304\124\010}{section.5}% 24
\BOOKMARK [2][-]{subsection.5.2}{\376\377\116\011\171\315\220\017\146\016\122\240\147\103\145\271\137\017\116\016\000\040\000L\000i\000g\000h\000t\000G\000B\000M\000\040\127\372\121\306}{section.5}% 25
\BOOKMARK [2][-]{subsection.5.3}{\376\377\215\052\137\303\143\222\136\217\116\016\166\370\121\163\140\047\226\010\120\074}{section.5}% 26
\BOOKMARK [2][-]{subsection.5.4}{\376\377\142\020\116\244\173\024\145\160\122\033\145\260\154\140}{section.5}% 27
\BOOKMARK [1][-]{section.6}{\376\377\147\000\176\310\176\323\147\234}{}% 28
\BOOKMARK [2][-]{subsection.6.1}{\376\377\123\101\126\340\133\120\143\007\150\007}{section.6}% 29
\BOOKMARK [2][-]{subsection.6.2}{\376\377\166\370\121\163\140\047\176\246\147\137}{section.6}% 30
\BOOKMARK [2][-]{subsection.6.3}{\376\377\150\067\147\054\121\205\131\026\172\063\133\232\140\047}{section.6}% 31
\BOOKMARK [1][-]{section.7}{\376\377\217\307\142\337\124\010\143\247\122\066\060\001\134\100\226\120\116\016\123\357\131\015\150\070\140\047}{}% 32
\BOOKMARK [2][-]{subsection.7.1}{\376\377\217\307\142\337\124\010\143\247\122\066}{section.7}% 33
\BOOKMARK [2][-]{subsection.7.2}{\376\377\134\100\226\120}{section.7}% 34
\BOOKMARK [2][-]{subsection.7.3}{\376\377\143\320\116\244\145\207\116\366\116\016\131\015\150\070\145\271\137\017}{section.7}% 35
\BOOKMARK [2][-]{subsection.7.4}{\376\377\167\037\133\236\122\006\224\237\145\160\143\156\131\015\173\227\116\000\201\364\140\047}{section.7}% 36
\BOOKMARK [1][-]{section.8}{\376\377\176\323\213\272}{}% 37
\BOOKMARK [1][-]{appendix.A}{\376\377\147\000\176\310\126\340\133\120\000\040\000A\000S\000C\000I\000I\000\040\134\125\137\000\137\017}{}% 38
\BOOKMARK [1][-]{appendix.B}{\376\377\123\302\200\003\145\207\163\056}{}% 39
