\BOOKMARK [1][-]{section.1}{\376\377\153\324\215\133\116\373\122\241\116\016\170\024\172\166\166\356\150\007}{}% 1
\BOOKMARK [2][-]{subsection.1.1}{\376\377\225\356\230\230\133\232\116\111}{section.1}% 2
\BOOKMARK [2][-]{subsection.1.2}{\376\377\147\000\176\310\170\154\176\246\147\137}{section.1}% 3
\BOOKMARK [1][-]{section.2}{\376\377\145\160\143\156\116\016\126\336\155\113\136\163\123\360}{}% 4
\BOOKMARK [2][-]{subsection.2.1}{\376\377\147\054\127\060\145\160\143\156\123\343\137\204}{section.2}% 5
\BOOKMARK [2][-]{subsection.2.2}{\376\377\136\163\123\360\147\266\147\204}{section.2}% 6
\BOOKMARK [2][-]{subsection.2.3}{\376\377\220\022\137\122\131\127\132\003\147\072\122\066}{section.2}% 7
\BOOKMARK [2][-]{subsection.2.4}{\376\377\135\345\172\013\117\356\131\015\116\016\215\104\156\220\154\273\164\006}{section.2}% 8
\BOOKMARK [1][-]{section.3}{\376\377\170\024\172\166\215\357\176\277\377\032\116\316\123\237\133\120\126\340\133\120\122\060\116\045\150\074\176\304\124\010}{}% 9
\BOOKMARK [2][-]{subsection.3.1}{\376\377\173\054\116\000\226\066\153\265\377\032\123\237\133\120\126\340\133\120\116\016\176\304\124\010\127\372\176\277}{section.3}% 10
\BOOKMARK [2][-]{subsection.3.2}{\376\377\173\054\116\214\226\066\153\265\377\032\176\304\124\010\145\271\137\017\133\371\161\147}{section.3}% 11
\BOOKMARK [2][-]{subsection.3.3}{\376\377\173\054\116\011\226\066\153\265\377\032\116\055\140\047\123\026\133\371\161\147}{section.3}% 12
\BOOKMARK [2][-]{subsection.3.4}{\376\377\173\054\126\333\226\066\153\265\377\032\215\350\230\316\150\074\176\304\124\010\116\016\220\022\137\122\131\127\132\003}{section.3}% 13
\BOOKMARK [1][-]{section.4}{\376\377\123\327\143\247\142\151\134\125\133\236\232\214}{}% 14
\BOOKMARK [2][-]{subsection.4.1}{\376\377\122\033\145\260\172\172\225\364}{section.4}% 15
\BOOKMARK [2][-]{subsection.4.2}{\376\377\116\055\140\047\123\026\133\371\161\147}{section.4}% 16
\BOOKMARK [2][-]{subsection.4.3}{\376\377\176\304\124\010\116\016\131\127\132\003\226\066\153\265\133\371\161\147}{section.4}% 17
\BOOKMARK [2][-]{subsection.4.4}{\376\377\215\052\137\303\166\370\121\163\140\047\226\010\120\074\133\371\161\147}{section.4}% 18
\BOOKMARK [1][-]{section.5}{\376\377\147\000\176\310\116\045\150\074\176\304\124\010}{}% 19
\BOOKMARK [1][-]{section.6}{\376\377\220\020\126\340\133\120\176\317\155\116\124\053\116\111}{}% 20
\BOOKMARK [2][-]{subsection.6.1}{\376\377\126\340\133\120\000\040\0001\377\032\155\101\122\250\140\047\176\246\147\137\116\013\166\204\116\055\147\037\215\213\122\277\136\366\176\355}{section.6}% 21
\BOOKMARK [2][-]{subsection.6.2}{\376\377\126\340\133\120\000\040\0002\377\032\137\002\136\070\142\020\116\244\221\317\121\262\121\373\124\016\166\204\155\101\122\250\140\047\123\315\217\154}{section.6}% 22
\BOOKMARK [2][-]{subsection.6.3}{\376\377\126\340\133\120\000\040\0003\377\032\172\336\116\367\123\213\122\233\116\016\155\101\122\250\140\047\230\316\226\151\166\204\176\304\124\010\117\356\131\015}{section.6}% 23
\BOOKMARK [2][-]{subsection.6.4}{\376\377\126\340\133\120\000\040\0004\377\032\225\177\147\037\215\213\122\277\060\001\172\336\116\367\123\315\217\154\116\016\133\271\221\317\176\246\147\137}{section.6}% 24
\BOOKMARK [2][-]{subsection.6.5}{\376\377\126\340\133\120\000\040\0005\377\032\131\032\124\150\147\037\122\250\221\317\116\016\142\345\143\044\136\246\142\230\116\367}{section.6}% 25
\BOOKMARK [2][-]{subsection.6.6}{\376\377\126\340\133\120\000\040\0006\377\032\215\350\147\037\226\120\213\242\123\125\155\101\122\006\211\343\127\213\155\367\124\010\126\340\133\120}{section.6}% 26
\BOOKMARK [2][-]{subsection.6.7}{\376\377\126\340\133\120\000\040\0007\377\032\117\116\142\345\143\044\116\055\147\037\122\250\221\317\150\145\143\245\126\340\133\120}{section.6}% 27
\BOOKMARK [2][-]{subsection.6.8}{\376\377\126\340\133\120\000\040\0008\377\032\145\345\121\205\142\020\116\244\137\142\140\001\116\016\172\336\116\367\121\262\121\373\117\356\131\015}{section.6}% 28
\BOOKMARK [2][-]{subsection.6.9}{\376\377\126\340\133\120\000\040\0009\377\032\172\336\116\367\116\016\143\142\142\113\116\000\201\364\140\047\173\133\220\011\123\315\217\154}{section.6}% 29
\BOOKMARK [2][-]{subsection.6.10}{\376\377\126\340\133\120\000\040\0001\0000\377\032\127\372\170\100\176\304\124\010\130\236\137\072\166\204\117\116\142\345\143\044\116\055\147\037\122\250\221\317}{section.6}% 30
\BOOKMARK [1][-]{section.7}{\376\377\133\120\126\340\133\120\176\317\155\116\124\053\116\111\133\127\121\170}{}% 31
\BOOKMARK [1][-]{section.8}{\376\377\230\172\136\217\122\006\153\265\133\241\213\241}{}% 32
\BOOKMARK [1][-]{section.9}{\376\377\142\020\147\234\217\271\165\114\377\032\146\057\124\046\217\276\122\060\230\166\117\032\150\007\121\306}{}% 33
\BOOKMARK [1][-]{section.10}{\376\377\134\100\226\120\140\047\116\016\116\013\116\000\153\145\232\214\213\301}{}% 34
\BOOKMARK [1][-]{section.11}{\376\377\116\316\131\064\122\060\134\076\166\204\230\171\166\356\133\214\142\020\156\005\123\125}{}% 35
\BOOKMARK [1][-]{section.12}{\376\377\123\357\131\015\163\260\145\207\116\366}{}% 36
\BOOKMARK [1][-]{section.13}{\376\377\176\323\213\272}{}% 37
