\BOOKMARK [1][-]{section.1}{\376\377\137\025\212\000}{}% 1
\BOOKMARK [1][-]{section.2}{\376\377\136\163\123\360\147\266\147\204}{}% 2
\BOOKMARK [2][-]{subsection.2.1}{\376\377\145\160\143\156\173\241\176\277}{section.2}% 3
\BOOKMARK [2][-]{subsection.2.2}{\376\377\210\150\217\276\137\017\211\343\147\220\126\150}{section.2}% 4
\BOOKMARK [2][-]{subsection.2.3}{\376\377\126\336\155\113\137\025\144\316}{section.2}% 5
\BOOKMARK [3][-]{subsubsection.2.3.1}{\376\377\143\007\150\007\117\123\174\373}{subsection.2.3}% 6
\BOOKMARK [2][-]{subsection.2.4}{\376\377\126\340\133\120\122\006\174\173\174\373\176\337}{section.2}% 7
\BOOKMARK [1][-]{section.3}{\376\377\176\304\124\010\145\271\154\325\213\272}{}% 8
\BOOKMARK [2][-]{subsection.3.1}{\376\377\225\356\230\230\210\150\217\360}{section.3}% 9
\BOOKMARK [2][-]{subsection.3.2}{\376\377\173\111\147\103\377\010\000E\000W\377\011}{section.3}% 10
\BOOKMARK [2][-]{subsection.3.3}{\376\377\000I\000C\000I\000R\122\240\147\103}{section.3}% 11
\BOOKMARK [2][-]{subsection.3.4}{\376\377\000R\000i\000d\000g\000e\153\143\122\031\123\026\147\000\134\017\145\271\135\356}{section.3}% 12
\BOOKMARK [2][-]{subsection.3.5}{\376\377\000L\000i\000g\000h\000t\000G\000B\000M\377\010\000L\000G\000B\377\011}{section.3}% 13
\BOOKMARK [2][-]{subsection.3.6}{\376\377\000E\000W\176\323\147\234\166\204\173\046\123\367\123\026\134\125\137\000\131\015\165\050}{section.3}% 14
\BOOKMARK [1][-]{section.4}{\376\377\133\236\232\214\213\276\213\241}{}% 15
\BOOKMARK [2][-]{subsection.4.1}{\376\377\133\236\232\214\167\351\226\065}{section.4}% 16
\BOOKMARK [2][-]{subsection.4.2}{\376\377\213\304\117\060\145\271\154\325}{section.4}% 17
\BOOKMARK [1][-]{section.5}{\376\377\133\236\232\214\176\323\147\234}{}% 18
\BOOKMARK [2][-]{subsection.5.1}{\376\377\126\340\133\120\154\140\133\371\153\324}{section.5}% 19
\BOOKMARK [2][-]{subsection.5.2}{\376\377\145\271\154\325\133\371\153\324}{section.5}% 20
\BOOKMARK [2][-]{subsection.5.3}{\376\377\000T\000o\000p\000\040\0001\0000\176\304\124\010}{section.5}% 21
\BOOKMARK [2][-]{subsection.5.4}{\376\377\176\304\121\205\000\040\000v\000s\000\040\176\304\225\364\166\370\121\163\140\047}{section.5}% 22
\BOOKMARK [2][-]{subsection.5.5}{\376\377\150\070\137\303\123\321\163\260\140\073\176\323}{section.5}% 23
\BOOKMARK [1][-]{section.6}{\376\377\143\320\116\244\166\204\147\000\176\310\126\340\133\120}{}% 24
\BOOKMARK [1][-]{section.7}{\376\377\123\321\163\260\166\204\122\033\145\260\152\041\137\017}{}% 25
\BOOKMARK [2][-]{subsection.7.1}{\376\377\155\367\124\010\126\340\133\120\140\226\213\272}{section.7}% 26
\BOOKMARK [2][-]{subsection.7.2}{\376\377\000I\000C\000I\000R\117\134\116\072\220\032\165\050\122\240\147\103\143\007\150\007}{section.7}% 27
\BOOKMARK [2][-]{subsection.7.3}{\376\377\133\120\217\333\172\013\213\241\173\227\166\204\121\205\133\130\133\211\121\150\117\335\226\234}{section.7}% 28
\BOOKMARK [2][-]{subsection.7.4}{\376\377\127\372\116\216\210\150\217\276\137\017\166\204\126\340\133\120\131\015\165\050}{section.7}% 29
\BOOKMARK [1][-]{section.8}{\376\377\147\052\147\145\135\345\117\134\145\271\124\021}{}% 30
\BOOKMARK [1][-]{section.9}{\376\377\176\323\213\272}{}% 31
